{"C:\\Users\\conta\\projects\\jest.config.js": {"path":"C:\\Users\\conta\\projects\\jest.config.js","all":false,"statementMap":{"0":{"start":{"line":1,"column":0},"end":{"line":1,"column":3}},"1":{"start":{"line":2,"column":0},"end":{"line":2,"column":75}},"2":{"start":{"line":3,"column":0},"end":{"line":3,"column":39}},"3":{"start":{"line":4,"column":0},"end":{"line":4,"column":3}},"4":{"start":{"line":5,"column":0},"end":{"line":5,"column":0}},"5":{"start":{"line":6,"column":0},"end":{"line":6,"column":36}},"6":{"start":{"line":7,"column":0},"end":{"line":7,"column":16}},"7":{"start":{"line":8,"column":0},"end":{"line":8,"column":70}},"8":{"start":{"line":9,"column":0},"end":{"line":9,"column":21}},"9":{"start":{"line":10,"column":0},"end":{"line":10,"column":0}},"10":{"start":{"line":11,"column":0},"end":{"line":11,"column":42}},"11":{"start":{"line":12,"column":0},"end":{"line":12,"column":13}},"12":{"start":{"line":13,"column":0},"end":{"line":13,"column":0}},"13":{"start":{"line":14,"column":0},"end":{"line":14,"column":76}},"14":{"start":{"line":15,"column":0},"end":{"line":15,"column":68}},"15":{"start":{"line":16,"column":0},"end":{"line":16,"column":0}},"16":{"start":{"line":17,"column":0},"end":{"line":17,"column":86}},"17":{"start":{"line":18,"column":0},"end":{"line":18,"column":19}},"18":{"start":{"line":19,"column":0},"end":{"line":19,"column":0}},"19":{"start":{"line":20,"column":0},"end":{"line":20,"column":92}},"20":{"start":{"line":21,"column":0},"end":{"line":21,"column":24}},"21":{"start":{"line":22,"column":0},"end":{"line":22,"column":0}},"22":{"start":{"line":23,"column":0},"end":{"line":23,"column":107}},"23":{"start":{"line":24,"column":0},"end":{"line":24,"column":36}},"24":{"start":{"line":25,"column":0},"end":{"line":25,"column":0}},"25":{"start":{"line":26,"column":0},"end":{"line":26,"column":62}},"26":{"start":{"line":27,"column":0},"end":{"line":27,"column":32}},"27":{"start":{"line":28,"column":0},"end":{"line":28,"column":0}},"28":{"start":{"line":29,"column":0},"end":{"line":29,"column":72}},"29":{"start":{"line":30,"column":0},"end":{"line":30,"column":34}},"30":{"start":{"line":31,"column":0},"end":{"line":31,"column":29}},"31":{"start":{"line":32,"column":0},"end":{"line":32,"column":7}},"32":{"start":{"line":33,"column":0},"end":{"line":33,"column":0}},"33":{"start":{"line":34,"column":0},"end":{"line":34,"column":76}},"34":{"start":{"line":35,"column":0},"end":{"line":35,"column":25}},"35":{"start":{"line":36,"column":0},"end":{"line":36,"column":0}},"36":{"start":{"line":37,"column":0},"end":{"line":37,"column":74}},"37":{"start":{"line":38,"column":0},"end":{"line":38,"column":25}},"38":{"start":{"line":39,"column":0},"end":{"line":39,"column":14}},"39":{"start":{"line":40,"column":0},"end":{"line":40,"column":14}},"40":{"start":{"line":41,"column":0},"end":{"line":41,"column":14}},"41":{"start":{"line":42,"column":0},"end":{"line":42,"column":15}},"42":{"start":{"line":43,"column":0},"end":{"line":43,"column":7}},"43":{"start":{"line":44,"column":0},"end":{"line":44,"column":0}},"44":{"start":{"line":45,"column":0},"end":{"line":45,"column":81}},"45":{"start":{"line":46,"column":0},"end":{"line":46,"column":34}},"46":{"start":{"line":47,"column":0},"end":{"line":47,"column":0}},"47":{"start":{"line":48,"column":0},"end":{"line":48,"column":44}},"48":{"start":{"line":49,"column":0},"end":{"line":49,"column":36}},"49":{"start":{"line":50,"column":0},"end":{"line":50,"column":0}},"50":{"start":{"line":51,"column":0},"end":{"line":51,"column":62}},"51":{"start":{"line":52,"column":0},"end":{"line":52,"column":30}},"52":{"start":{"line":53,"column":0},"end":{"line":53,"column":0}},"53":{"start":{"line":54,"column":0},"end":{"line":54,"column":46}},"54":{"start":{"line":55,"column":0},"end":{"line":55,"column":18}},"55":{"start":{"line":56,"column":0},"end":{"line":56,"column":30}},"56":{"start":{"line":57,"column":0},"end":{"line":57,"column":7}},"57":{"start":{"line":58,"column":0},"end":{"line":58,"column":0}},"58":{"start":{"line":59,"column":0},"end":{"line":59,"column":81}},"59":{"start":{"line":60,"column":0},"end":{"line":60,"column":28}},"60":{"start":{"line":61,"column":0},"end":{"line":61,"column":0}},"61":{"start":{"line":62,"column":0},"end":{"line":62,"column":101}},"62":{"start":{"line":63,"column":0},"end":{"line":63,"column":28}},"63":{"start":{"line":64,"column":0},"end":{"line":64,"column":0}},"64":{"start":{"line":65,"column":0},"end":{"line":65,"column":100}},"65":{"start":{"line":66,"column":0},"end":{"line":66,"column":31}},"66":{"start":{"line":67,"column":0},"end":{"line":67,"column":0}},"67":{"start":{"line":68,"column":0},"end":{"line":68,"column":81}},"68":{"start":{"line":69,"column":0},"end":{"line":69,"column":17}},"69":{"start":{"line":70,"column":0},"end":{"line":70,"column":0}},"70":{"start":{"line":71,"column":0},"end":{"line":71,"column":227}},"71":{"start":{"line":72,"column":0},"end":{"line":72,"column":23}},"72":{"start":{"line":73,"column":0},"end":{"line":73,"column":0}},"73":{"start":{"line":74,"column":0},"end":{"line":74,"column":99}},"74":{"start":{"line":75,"column":0},"end":{"line":75,"column":25}},"75":{"start":{"line":76,"column":0},"end":{"line":76,"column":21}},"76":{"start":{"line":77,"column":0},"end":{"line":77,"column":7}},"77":{"start":{"line":78,"column":0},"end":{"line":78,"column":0}},"78":{"start":{"line":79,"column":0},"end":{"line":79,"column":49}},"79":{"start":{"line":80,"column":0},"end":{"line":80,"column":28}},"80":{"start":{"line":81,"column":0},"end":{"line":81,"column":12}},"81":{"start":{"line":82,"column":0},"end":{"line":82,"column":13}},"82":{"start":{"line":83,"column":0},"end":{"line":83,"column":13}},"83":{"start":{"line":84,"column":0},"end":{"line":84,"column":13}},"84":{"start":{"line":85,"column":0},"end":{"line":85,"column":12}},"85":{"start":{"line":86,"column":0},"end":{"line":86,"column":13}},"86":{"start":{"line":87,"column":0},"end":{"line":87,"column":13}},"87":{"start":{"line":88,"column":0},"end":{"line":88,"column":13}},"88":{"start":{"line":89,"column":0},"end":{"line":89,"column":14}},"89":{"start":{"line":90,"column":0},"end":{"line":90,"column":13}},"90":{"start":{"line":91,"column":0},"end":{"line":91,"column":7}},"91":{"start":{"line":92,"column":0},"end":{"line":92,"column":0}},"92":{"start":{"line":93,"column":0},"end":{"line":93,"column":134}},"93":{"start":{"line":94,"column":0},"end":{"line":94,"column":26}},"94":{"start":{"line":95,"column":0},"end":{"line":95,"column":0}},"95":{"start":{"line":96,"column":0},"end":{"line":96,"column":122}},"96":{"start":{"line":97,"column":0},"end":{"line":97,"column":34}},"97":{"start":{"line":98,"column":0},"end":{"line":98,"column":0}},"98":{"start":{"line":99,"column":0},"end":{"line":99,"column":45}},"99":{"start":{"line":100,"column":0},"end":{"line":100,"column":19}},"100":{"start":{"line":101,"column":0},"end":{"line":101,"column":0}},"101":{"start":{"line":102,"column":0},"end":{"line":102,"column":72}},"102":{"start":{"line":103,"column":0},"end":{"line":103,"column":34}},"103":{"start":{"line":104,"column":0},"end":{"line":104,"column":0}},"104":{"start":{"line":105,"column":0},"end":{"line":105,"column":61}},"105":{"start":{"line":106,"column":0},"end":{"line":106,"column":23}},"106":{"start":{"line":107,"column":0},"end":{"line":107,"column":0}},"107":{"start":{"line":108,"column":0},"end":{"line":108,"column":40}},"108":{"start":{"line":109,"column":0},"end":{"line":109,"column":25}},"109":{"start":{"line":110,"column":0},"end":{"line":110,"column":0}},"110":{"start":{"line":111,"column":0},"end":{"line":111,"column":66}},"111":{"start":{"line":112,"column":0},"end":{"line":112,"column":26}},"112":{"start":{"line":113,"column":0},"end":{"line":113,"column":0}},"113":{"start":{"line":114,"column":0},"end":{"line":114,"column":53}},"114":{"start":{"line":115,"column":0},"end":{"line":115,"column":23}},"115":{"start":{"line":116,"column":0},"end":{"line":116,"column":0}},"116":{"start":{"line":117,"column":0},"end":{"line":117,"column":66}},"117":{"start":{"line":118,"column":0},"end":{"line":118,"column":25}},"118":{"start":{"line":119,"column":0},"end":{"line":119,"column":0}},"119":{"start":{"line":120,"column":0},"end":{"line":120,"column":32}},"120":{"start":{"line":121,"column":0},"end":{"line":121,"column":25}},"121":{"start":{"line":122,"column":0},"end":{"line":122,"column":0}},"122":{"start":{"line":123,"column":0},"end":{"line":123,"column":74}},"123":{"start":{"line":124,"column":0},"end":{"line":124,"column":25}},"124":{"start":{"line":125,"column":0},"end":{"line":125,"column":0}},"125":{"start":{"line":126,"column":0},"end":{"line":126,"column":74}},"126":{"start":{"line":127,"column":0},"end":{"line":127,"column":24}},"127":{"start":{"line":128,"column":0},"end":{"line":128,"column":0}},"128":{"start":{"line":129,"column":0},"end":{"line":129,"column":79}},"129":{"start":{"line":130,"column":0},"end":{"line":130,"column":13}},"130":{"start":{"line":131,"column":0},"end":{"line":131,"column":18}},"131":{"start":{"line":132,"column":0},"end":{"line":132,"column":7}},"132":{"start":{"line":133,"column":0},"end":{"line":133,"column":0}},"133":{"start":{"line":134,"column":0},"end":{"line":134,"column":76}},"134":{"start":{"line":135,"column":0},"end":{"line":135,"column":27}},"135":{"start":{"line":136,"column":0},"end":{"line":136,"column":0}},"136":{"start":{"line":137,"column":0},"end":{"line":137,"column":108}},"137":{"start":{"line":138,"column":0},"end":{"line":138,"column":20}},"138":{"start":{"line":139,"column":0},"end":{"line":139,"column":0}},"139":{"start":{"line":140,"column":0},"end":{"line":140,"column":112}},"140":{"start":{"line":141,"column":0},"end":{"line":141,"column":71}},"141":{"start":{"line":142,"column":0},"end":{"line":142,"column":0}},"142":{"start":{"line":143,"column":0},"end":{"line":143,"column":104}},"143":{"start":{"line":144,"column":0},"end":{"line":144,"column":26}},"144":{"start":{"line":145,"column":0},"end":{"line":145,"column":0}},"145":{"start":{"line":146,"column":0},"end":{"line":146,"column":88}},"146":{"start":{"line":147,"column":0},"end":{"line":147,"column":29}},"147":{"start":{"line":148,"column":0},"end":{"line":148,"column":0}},"148":{"start":{"line":149,"column":0},"end":{"line":149,"column":55}},"149":{"start":{"line":150,"column":0},"end":{"line":150,"column":46}},"150":{"start":{"line":151,"column":0},"end":{"line":151,"column":0}},"151":{"start":{"line":152,"column":0},"end":{"line":152,"column":55}},"152":{"start":{"line":153,"column":0},"end":{"line":153,"column":32}},"153":{"start":{"line":154,"column":0},"end":{"line":154,"column":0}},"154":{"start":{"line":155,"column":0},"end":{"line":155,"column":42}},"155":{"start":{"line":156,"column":0},"end":{"line":156,"column":34}},"156":{"start":{"line":157,"column":0},"end":{"line":157,"column":0}},"157":{"start":{"line":158,"column":0},"end":{"line":158,"column":53}},"158":{"start":{"line":159,"column":0},"end":{"line":159,"column":17}},"159":{"start":{"line":160,"column":0},"end":{"line":160,"column":44}},"160":{"start":{"line":161,"column":0},"end":{"line":161,"column":46}},"161":{"start":{"line":162,"column":0},"end":{"line":162,"column":7}},"162":{"start":{"line":163,"column":0},"end":{"line":163,"column":0}},"163":{"start":{"line":164,"column":0},"end":{"line":164,"column":106}},"164":{"start":{"line":165,"column":0},"end":{"line":165,"column":30}},"165":{"start":{"line":166,"column":0},"end":{"line":166,"column":29}},"166":{"start":{"line":167,"column":0},"end":{"line":167,"column":7}},"167":{"start":{"line":168,"column":0},"end":{"line":168,"column":0}},"168":{"start":{"line":169,"column":0},"end":{"line":169,"column":80}},"169":{"start":{"line":170,"column":0},"end":{"line":170,"column":19}},"170":{"start":{"line":171,"column":0},"end":{"line":171,"column":0}},"171":{"start":{"line":172,"column":0},"end":{"line":172,"column":61}},"172":{"start":{"line":173,"column":0},"end":{"line":173,"column":37}},"173":{"start":{"line":174,"column":0},"end":{"line":174,"column":0}},"174":{"start":{"line":175,"column":0},"end":{"line":175,"column":51}},"175":{"start":{"line":176,"column":0},"end":{"line":176,"column":38}},"176":{"start":{"line":177,"column":0},"end":{"line":177,"column":0}},"177":{"start":{"line":178,"column":0},"end":{"line":178,"column":60}},"178":{"start":{"line":179,"column":0},"end":{"line":179,"column":26}},"179":{"start":{"line":180,"column":0},"end":{"line":180,"column":0}},"180":{"start":{"line":181,"column":0},"end":{"line":181,"column":126}},"181":{"start":{"line":182,"column":0},"end":{"line":182,"column":31}},"182":{"start":{"line":183,"column":0},"end":{"line":183,"column":30}},"183":{"start":{"line":184,"column":0},"end":{"line":184,"column":27}},"184":{"start":{"line":185,"column":0},"end":{"line":185,"column":7}},"185":{"start":{"line":186,"column":0},"end":{"line":186,"column":0}},"186":{"start":{"line":187,"column":0},"end":{"line":187,"column":143}},"187":{"start":{"line":188,"column":0},"end":{"line":188,"column":43}},"188":{"start":{"line":189,"column":0},"end":{"line":189,"column":0}},"189":{"start":{"line":190,"column":0},"end":{"line":190,"column":77}},"190":{"start":{"line":191,"column":0},"end":{"line":191,"column":16}},"191":{"start":{"line":192,"column":0},"end":{"line":192,"column":0}},"192":{"start":{"line":193,"column":0},"end":{"line":193,"column":117}},"193":{"start":{"line":194,"column":0},"end":{"line":194,"column":33}},"194":{"start":{"line":195,"column":0},"end":{"line":195,"column":0}},"195":{"start":{"line":196,"column":0},"end":{"line":196,"column":46}},"196":{"start":{"line":197,"column":0},"end":{"line":197,"column":20}},"197":{"start":{"line":198,"column":0},"end":{"line":198,"column":2}},"198":{"start":{"line":199,"column":0},"end":{"line":199,"column":0}},"199":{"start":{"line":200,"column":0},"end":{"line":200,"column":24}}},"s":{"0":1,"1":1,"2":1,"3":1,"4":1,"5":1,"6":1,"7":1,"8":1,"9":1,"10":1,"11":1,"12":1,"13":1,"14":1,"15":1,"16":1,"17":1,"18":1,"19":1,"20":1,"21":1,"22":1,"23":1,"24":1,"25":1,"26":1,"27":1,"28":1,"29":1,"30":1,"31":1,"32":1,"33":1,"34":1,"35":1,"36":1,"37":1,"38":1,"39":1,"40":1,"41":1,"42":1,"43":1,"44":1,"45":1,"46":1,"47":1,"48":1,"49":1,"50":1,"51":1,"52":1,"53":1,"54":1,"55":1,"56":1,"57":1,"58":1,"59":1,"60":1,"61":1,"62":1,"63":1,"64":1,"65":1,"66":1,"67":1,"68":1,"69":1,"70":1,"71":1,"72":1,"73":1,"74":1,"75":1,"76":1,"77":1,"78":1,"79":1,"80":1,"81":1,"82":1,"83":1,"84":1,"85":1,"86":1,"87":1,"88":1,"89":1,"90":1,"91":1,"92":1,"93":1,"94":1,"95":1,"96":1,"97":1,"98":1,"99":1,"100":1,"101":1,"102":1,"103":1,"104":1,"105":1,"106":1,"107":1,"108":1,"109":1,"110":1,"111":1,"112":1,"113":1,"114":1,"115":1,"116":1,"117":1,"118":1,"119":1,"120":1,"121":1,"122":1,"123":1,"124":1,"125":1,"126":1,"127":1,"128":1,"129":1,"130":1,"131":1,"132":1,"133":1,"134":1,"135":1,"136":1,"137":1,"138":1,"139":1,"140":1,"141":1,"142":1,"143":1,"144":1,"145":1,"146":1,"147":1,"148":1,"149":1,"150":1,"151":1,"152":1,"153":1,"154":1,"155":1,"156":1,"157":1,"158":1,"159":1,"160":1,"161":1,"162":1,"163":1,"164":1,"165":1,"166":1,"167":1,"168":1,"169":1,"170":1,"171":1,"172":1,"173":1,"174":1,"175":1,"176":1,"177":1,"178":1,"179":1,"180":1,"181":1,"182":1,"183":1,"184":1,"185":1,"186":1,"187":1,"188":1,"189":1,"190":1,"191":1,"192":1,"193":1,"194":1,"195":1,"196":1,"197":1,"198":1,"199":1},"branchMap":{},"b":{},"fnMap":{},"f":{}}
,"C:\\Users\\conta\\projects\\src\\application\\book\\get-book-by-ISBN.usecase.js": {"path":"C:\\Users\\conta\\projects\\src\\application\\book\\get-book-by-ISBN.usecase.js","all":false,"statementMap":{"0":{"start":{"line":1,"column":0},"end":{"line":1,"column":59}},"1":{"start":{"line":2,"column":0},"end":{"line":2,"column":0}},"2":{"start":{"line":3,"column":0},"end":{"line":3,"column":73}},"3":{"start":{"line":4,"column":0},"end":{"line":4,"column":63}},"4":{"start":{"line":5,"column":0},"end":{"line":5,"column":36}},"5":{"start":{"line":6,"column":0},"end":{"line":6,"column":59}},"6":{"start":{"line":7,"column":0},"end":{"line":7,"column":72}},"7":{"start":{"line":8,"column":0},"end":{"line":8,"column":33}},"8":{"start":{"line":9,"column":0},"end":{"line":9,"column":37}},"9":{"start":{"line":10,"column":0},"end":{"line":10,"column":5}},"10":{"start":{"line":11,"column":0},"end":{"line":11,"column":1}}},"s":{"0":1,"1":1,"2":1,"3":4,"4":3,"5":3,"6":2,"7":3,"8":2,"9":2,"10":3},"branchMap":{"0":{"type":"branch","line":3,"loc":{"start":{"line":3,"column":17},"end":{"line":11,"column":1}},"locations":[{"start":{"line":3,"column":17},"end":{"line":11,"column":1}}]},"1":{"type":"branch","line":4,"loc":{"start":{"line":4,"column":25},"end":{"line":4,"column":63}},"locations":[{"start":{"line":4,"column":25},"end":{"line":4,"column":63}}]},"2":{"type":"branch","line":5,"loc":{"start":{"line":5,"column":-1},"end":{"line":11,"column":1}},"locations":[{"start":{"line":5,"column":-1},"end":{"line":11,"column":1}}]},"3":{"type":"branch","line":5,"loc":{"start":{"line":5,"column":11},"end":{"line":10,"column":5}},"locations":[{"start":{"line":5,"column":11},"end":{"line":10,"column":5}}]},"4":{"type":"branch","line":6,"loc":{"start":{"line":6,"column":19},"end":{"line":6,"column":59}},"locations":[{"start":{"line":6,"column":19},"end":{"line":6,"column":59}}]},"5":{"type":"branch","line":7,"loc":{"start":{"line":7,"column":-1},"end":{"line":8,"column":22}},"locations":[{"start":{"line":7,"column":-1},"end":{"line":8,"column":22}}]},"6":{"type":"branch","line":8,"loc":{"start":{"line":8,"column":22},"end":{"line":8,"column":33}},"locations":[{"start":{"line":8,"column":22},"end":{"line":8,"column":33}}]},"7":{"type":"branch","line":9,"loc":{"start":{"line":9,"column":-1},"end":{"line":10,"column":5}},"locations":[{"start":{"line":9,"column":-1},"end":{"line":10,"column":5}}]}},"b":{"0":[4],"1":[1],"2":[3],"3":[3],"4":[1],"5":[2],"6":[0],"7":[2]},"fnMap":{"0":{"name":"getBookByNameOrISBNUseCase","decl":{"start":{"line":3,"column":17},"end":{"line":11,"column":1}},"loc":{"start":{"line":3,"column":17},"end":{"line":11,"column":1}},"line":3}},"f":{"0":4}}
,"C:\\Users\\conta\\projects\\src\\application\\book\\register-book.usecase.js": {"path":"C:\\Users\\conta\\projects\\src\\application\\book\\register-book.usecase.js","all":false,"statementMap":{"0":{"start":{"line":1,"column":0},"end":{"line":1,"column":59}},"1":{"start":{"line":2,"column":0},"end":{"line":2,"column":0}},"2":{"start":{"line":3,"column":0},"end":{"line":3,"column":66}},"3":{"start":{"line":4,"column":0},"end":{"line":4,"column":62}},"4":{"start":{"line":5,"column":0},"end":{"line":5,"column":68}},"5":{"start":{"line":6,"column":0},"end":{"line":6,"column":67}},"6":{"start":{"line":7,"column":0},"end":{"line":7,"column":62}},"7":{"start":{"line":8,"column":0},"end":{"line":8,"column":0}},"8":{"start":{"line":9,"column":0},"end":{"line":9,"column":61}},"9":{"start":{"line":10,"column":0},"end":{"line":10,"column":67}},"10":{"start":{"line":11,"column":0},"end":{"line":11,"column":0}},"11":{"start":{"line":12,"column":0},"end":{"line":12,"column":39}},"12":{"start":{"line":13,"column":0},"end":{"line":13,"column":17}},"13":{"start":{"line":14,"column":0},"end":{"line":14,"column":21}},"14":{"start":{"line":15,"column":0},"end":{"line":15,"column":19}},"15":{"start":{"line":16,"column":0},"end":{"line":16,"column":19}},"16":{"start":{"line":17,"column":0},"end":{"line":17,"column":17}},"17":{"start":{"line":18,"column":0},"end":{"line":18,"column":11}},"18":{"start":{"line":19,"column":0},"end":{"line":19,"column":33}},"19":{"start":{"line":20,"column":0},"end":{"line":20,"column":5}},"20":{"start":{"line":21,"column":0},"end":{"line":21,"column":1}}},"s":{"0":1,"1":1,"2":1,"3":3,"4":3,"5":3,"6":3,"7":2,"8":2,"9":3,"10":1,"11":1,"12":1,"13":1,"14":1,"15":1,"16":1,"17":1,"18":1,"19":1,"20":3},"branchMap":{"0":{"type":"branch","line":3,"loc":{"start":{"line":3,"column":17},"end":{"line":21,"column":1}},"locations":[{"start":{"line":3,"column":17},"end":{"line":21,"column":1}}]},"1":{"type":"branch","line":4,"loc":{"start":{"line":4,"column":24},"end":{"line":4,"column":62}},"locations":[{"start":{"line":4,"column":24},"end":{"line":4,"column":62}}]},"2":{"type":"branch","line":5,"loc":{"start":{"line":5,"column":11},"end":{"line":20,"column":5}},"locations":[{"start":{"line":5,"column":11},"end":{"line":20,"column":5}}]},"3":{"type":"branch","line":6,"loc":{"start":{"line":6,"column":27},"end":{"line":6,"column":39}},"locations":[{"start":{"line":6,"column":27},"end":{"line":6,"column":39}}]},"4":{"type":"branch","line":6,"loc":{"start":{"line":6,"column":39},"end":{"line":6,"column":49}},"locations":[{"start":{"line":6,"column":39},"end":{"line":6,"column":49}}]},"5":{"type":"branch","line":6,"loc":{"start":{"line":6,"column":49},"end":{"line":6,"column":59}},"locations":[{"start":{"line":6,"column":49},"end":{"line":6,"column":59}}]},"6":{"type":"branch","line":6,"loc":{"start":{"line":6,"column":59},"end":{"line":6,"column":67}},"locations":[{"start":{"line":6,"column":59},"end":{"line":6,"column":67}}]},"7":{"type":"branch","line":7,"loc":{"start":{"line":7,"column":20},"end":{"line":7,"column":62}},"locations":[{"start":{"line":7,"column":20},"end":{"line":7,"column":62}}]},"8":{"type":"branch","line":8,"loc":{"start":{"line":8,"column":-1},"end":{"line":10,"column":23}},"locations":[{"start":{"line":8,"column":-1},"end":{"line":10,"column":23}}]},"9":{"type":"branch","line":10,"loc":{"start":{"line":10,"column":23},"end":{"line":20,"column":5}},"locations":[{"start":{"line":10,"column":23},"end":{"line":20,"column":5}}]}},"b":{"0":[3],"1":[0],"2":[3],"3":[2],"4":[2],"5":[2],"6":[2],"7":[1],"8":[2],"9":[1]},"fnMap":{"0":{"name":"registerBookUseCase","decl":{"start":{"line":3,"column":17},"end":{"line":21,"column":1}},"loc":{"start":{"line":3,"column":17},"end":{"line":21,"column":1}},"line":3}},"f":{"0":3}}
,"C:\\Users\\conta\\projects\\src\\application\\borrow_books\\borrow-books.usecase.js": {"path":"C:\\Users\\conta\\projects\\src\\application\\borrow_books\\borrow-books.usecase.js","all":false,"statementMap":{"0":{"start":{"line":1,"column":0},"end":{"line":1,"column":59}},"1":{"start":{"line":2,"column":0},"end":{"line":2,"column":0}},"2":{"start":{"line":3,"column":0},"end":{"line":3,"column":80}},"3":{"start":{"line":4,"column":0},"end":{"line":4,"column":86}},"4":{"start":{"line":5,"column":0},"end":{"line":5,"column":74}},"5":{"start":{"line":6,"column":0},"end":{"line":6,"column":76}},"6":{"start":{"line":7,"column":0},"end":{"line":7,"column":67}},"7":{"start":{"line":8,"column":0},"end":{"line":8,"column":102}},"8":{"start":{"line":9,"column":0},"end":{"line":9,"column":85}},"9":{"start":{"line":10,"column":0},"end":{"line":10,"column":20}},"10":{"start":{"line":11,"column":0},"end":{"line":11,"column":19}},"11":{"start":{"line":12,"column":0},"end":{"line":12,"column":10}},"12":{"start":{"line":13,"column":0},"end":{"line":13,"column":77}},"13":{"start":{"line":14,"column":0},"end":{"line":14,"column":0}},"14":{"start":{"line":15,"column":0},"end":{"line":15,"column":55}},"15":{"start":{"line":16,"column":0},"end":{"line":16,"column":20}},"16":{"start":{"line":17,"column":0},"end":{"line":17,"column":20}},"17":{"start":{"line":18,"column":0},"end":{"line":18,"column":24}},"18":{"start":{"line":19,"column":0},"end":{"line":19,"column":23}},"19":{"start":{"line":20,"column":0},"end":{"line":20,"column":10}},"20":{"start":{"line":21,"column":0},"end":{"line":21,"column":0}},"21":{"start":{"line":22,"column":0},"end":{"line":22,"column":74}},"22":{"start":{"line":23,"column":0},"end":{"line":23,"column":0}},"23":{"start":{"line":24,"column":0},"end":{"line":24,"column":38}},"24":{"start":{"line":25,"column":0},"end":{"line":25,"column":24}},"25":{"start":{"line":26,"column":0},"end":{"line":26,"column":24}},"26":{"start":{"line":27,"column":0},"end":{"line":27,"column":28}},"27":{"start":{"line":28,"column":0},"end":{"line":28,"column":26}},"28":{"start":{"line":29,"column":0},"end":{"line":29,"column":30}},"29":{"start":{"line":30,"column":0},"end":{"line":30,"column":27}},"30":{"start":{"line":31,"column":0},"end":{"line":31,"column":10}},"31":{"start":{"line":32,"column":0},"end":{"line":32,"column":0}},"32":{"start":{"line":33,"column":0},"end":{"line":33,"column":33}},"33":{"start":{"line":34,"column":0},"end":{"line":34,"column":5}},"34":{"start":{"line":35,"column":0},"end":{"line":35,"column":1}}},"s":{"0":1,"1":1,"2":1,"3":5,"4":4,"5":4,"6":4,"7":4,"8":2,"9":2,"10":2,"11":2,"12":4,"13":1,"14":1,"15":1,"16":1,"17":1,"18":1,"19":1,"20":1,"21":1,"22":1,"23":1,"24":1,"25":1,"26":1,"27":1,"28":1,"29":1,"30":1,"31":1,"32":1,"33":1,"34":4},"branchMap":{"0":{"type":"branch","line":3,"loc":{"start":{"line":3,"column":17},"end":{"line":35,"column":1}},"locations":[{"start":{"line":3,"column":17},"end":{"line":35,"column":1}}]},"1":{"type":"branch","line":4,"loc":{"start":{"line":4,"column":29},"end":{"line":4,"column":46}},"locations":[{"start":{"line":4,"column":29},"end":{"line":4,"column":46}}]},"2":{"type":"branch","line":4,"loc":{"start":{"line":4,"column":48},"end":{"line":4,"column":86}},"locations":[{"start":{"line":4,"column":48},"end":{"line":4,"column":86}}]},"3":{"type":"branch","line":5,"loc":{"start":{"line":5,"column":-1},"end":{"line":35,"column":1}},"locations":[{"start":{"line":5,"column":-1},"end":{"line":35,"column":1}}]},"4":{"type":"branch","line":5,"loc":{"start":{"line":5,"column":11},"end":{"line":34,"column":5}},"locations":[{"start":{"line":5,"column":11},"end":{"line":34,"column":5}}]},"5":{"type":"branch","line":6,"loc":{"start":{"line":6,"column":35},"end":{"line":6,"column":46}},"locations":[{"start":{"line":6,"column":35},"end":{"line":6,"column":46}}]},"6":{"type":"branch","line":6,"loc":{"start":{"line":6,"column":46},"end":{"line":6,"column":61}},"locations":[{"start":{"line":6,"column":46},"end":{"line":6,"column":61}}]},"7":{"type":"branch","line":6,"loc":{"start":{"line":6,"column":61},"end":{"line":6,"column":76}},"locations":[{"start":{"line":6,"column":61},"end":{"line":6,"column":76}}]},"8":{"type":"branch","line":7,"loc":{"start":{"line":7,"column":25},"end":{"line":7,"column":67}},"locations":[{"start":{"line":7,"column":25},"end":{"line":7,"column":67}}]},"9":{"type":"branch","line":8,"loc":{"start":{"line":8,"column":-1},"end":{"line":8,"column":58}},"locations":[{"start":{"line":8,"column":-1},"end":{"line":8,"column":58}}]},"10":{"type":"branch","line":8,"loc":{"start":{"line":8,"column":58},"end":{"line":8,"column":102}},"locations":[{"start":{"line":8,"column":58},"end":{"line":8,"column":102}}]},"11":{"type":"branch","line":9,"loc":{"start":{"line":9,"column":-1},"end":{"line":13,"column":32}},"locations":[{"start":{"line":9,"column":-1},"end":{"line":13,"column":32}}]},"12":{"type":"branch","line":13,"loc":{"start":{"line":13,"column":32},"end":{"line":34,"column":5}},"locations":[{"start":{"line":13,"column":32},"end":{"line":34,"column":5}}]}},"b":{"0":[5],"1":[4],"2":[1],"3":[4],"4":[4],"5":[3],"6":[3],"7":[3],"8":[1],"9":[3],"10":[1],"11":[2],"12":[1]},"fnMap":{"0":{"name":"borrowBooks","decl":{"start":{"line":3,"column":17},"end":{"line":35,"column":1}},"loc":{"start":{"line":3,"column":17},"end":{"line":35,"column":1}},"line":3}},"f":{"0":5}}
,"C:\\Users\\conta\\projects\\src\\application\\borrow_books\\get-borrows.usecase.js": {"path":"C:\\Users\\conta\\projects\\src\\application\\borrow_books\\get-borrows.usecase.js","all":false,"statementMap":{"0":{"start":{"line":1,"column":0},"end":{"line":1,"column":59}},"1":{"start":{"line":2,"column":0},"end":{"line":2,"column":0}},"2":{"start":{"line":3,"column":0},"end":{"line":3,"column":72}},"3":{"start":{"line":4,"column":0},"end":{"line":4,"column":64}},"4":{"start":{"line":5,"column":0},"end":{"line":5,"column":30}},"5":{"start":{"line":6,"column":0},"end":{"line":6,"column":71}},"6":{"start":{"line":7,"column":0},"end":{"line":7,"column":42}},"7":{"start":{"line":8,"column":0},"end":{"line":8,"column":5}},"8":{"start":{"line":9,"column":0},"end":{"line":9,"column":1}}},"s":{"0":1,"1":1,"2":1,"3":2,"4":1,"5":1,"6":1,"7":1,"8":1},"branchMap":{"0":{"type":"branch","line":3,"loc":{"start":{"line":3,"column":17},"end":{"line":9,"column":1}},"locations":[{"start":{"line":3,"column":17},"end":{"line":9,"column":1}}]},"1":{"type":"branch","line":4,"loc":{"start":{"line":4,"column":26},"end":{"line":9,"column":1}},"locations":[{"start":{"line":4,"column":26},"end":{"line":9,"column":1}}]},"2":{"type":"branch","line":5,"loc":{"start":{"line":5,"column":11},"end":{"line":8,"column":5}},"locations":[{"start":{"line":5,"column":11},"end":{"line":8,"column":5}}]}},"b":{"0":[2],"1":[1],"2":[1]},"fnMap":{"0":{"name":"getBorrowPedingUseCase","decl":{"start":{"line":3,"column":17},"end":{"line":9,"column":1}},"loc":{"start":{"line":3,"column":17},"end":{"line":9,"column":1}},"line":3}},"f":{"0":2}}
,"C:\\Users\\conta\\projects\\src\\application\\borrow_books\\return-book.usecase.js": {"path":"C:\\Users\\conta\\projects\\src\\application\\borrow_books\\return-book.usecase.js","all":false,"statementMap":{"0":{"start":{"line":1,"column":0},"end":{"line":1,"column":63}},"1":{"start":{"line":2,"column":0},"end":{"line":2,"column":59}},"2":{"start":{"line":3,"column":0},"end":{"line":3,"column":0}},"3":{"start":{"line":4,"column":0},"end":{"line":4,"column":71}},"4":{"start":{"line":5,"column":0},"end":{"line":5,"column":69}},"5":{"start":{"line":6,"column":0},"end":{"line":6,"column":52}},"6":{"start":{"line":7,"column":0},"end":{"line":7,"column":52}},"7":{"start":{"line":8,"column":0},"end":{"line":8,"column":68}},"8":{"start":{"line":9,"column":0},"end":{"line":9,"column":70}},"9":{"start":{"line":10,"column":0},"end":{"line":10,"column":22}},"10":{"start":{"line":11,"column":0},"end":{"line":11,"column":23}},"11":{"start":{"line":12,"column":0},"end":{"line":12,"column":10}},"12":{"start":{"line":13,"column":0},"end":{"line":13,"column":0}},"13":{"start":{"line":14,"column":0},"end":{"line":14,"column":87}},"14":{"start":{"line":15,"column":0},"end":{"line":15,"column":0}},"15":{"start":{"line":16,"column":0},"end":{"line":16,"column":37}},"16":{"start":{"line":17,"column":0},"end":{"line":17,"column":5}},"17":{"start":{"line":18,"column":0},"end":{"line":18,"column":1}}},"s":{"0":1,"1":1,"2":1,"3":1,"4":4,"5":3,"6":3,"7":3,"8":2,"9":2,"10":2,"11":2,"12":2,"13":2,"14":2,"15":2,"16":2,"17":3},"branchMap":{"0":{"type":"branch","line":4,"loc":{"start":{"line":4,"column":17},"end":{"line":18,"column":1}},"locations":[{"start":{"line":4,"column":17},"end":{"line":18,"column":1}}]},"1":{"type":"branch","line":5,"loc":{"start":{"line":5,"column":31},"end":{"line":5,"column":69}},"locations":[{"start":{"line":5,"column":31},"end":{"line":5,"column":69}}]},"2":{"type":"branch","line":6,"loc":{"start":{"line":6,"column":-1},"end":{"line":18,"column":1}},"locations":[{"start":{"line":6,"column":-1},"end":{"line":18,"column":1}}]},"3":{"type":"branch","line":6,"loc":{"start":{"line":6,"column":11},"end":{"line":17,"column":5}},"locations":[{"start":{"line":6,"column":11},"end":{"line":17,"column":5}}]},"4":{"type":"branch","line":7,"loc":{"start":{"line":7,"column":37},"end":{"line":7,"column":52}},"locations":[{"start":{"line":7,"column":37},"end":{"line":7,"column":52}}]},"5":{"type":"branch","line":8,"loc":{"start":{"line":8,"column":26},"end":{"line":8,"column":68}},"locations":[{"start":{"line":8,"column":26},"end":{"line":8,"column":68}}]},"6":{"type":"branch","line":9,"loc":{"start":{"line":9,"column":-1},"end":{"line":17,"column":5}},"locations":[{"start":{"line":9,"column":-1},"end":{"line":17,"column":5}}]}},"b":{"0":[4],"1":[1],"2":[3],"3":[3],"4":[2],"5":[1],"6":[2]},"fnMap":{"0":{"name":"returnBookUseCase","decl":{"start":{"line":4,"column":17},"end":{"line":18,"column":1}},"loc":{"start":{"line":4,"column":17},"end":{"line":18,"column":1}},"line":4}},"f":{"0":4}}
,"C:\\Users\\conta\\projects\\src\\application\\user\\get-user-by-CPF.usecase.js": {"path":"C:\\Users\\conta\\projects\\src\\application\\user\\get-user-by-CPF.usecase.js","all":false,"statementMap":{"0":{"start":{"line":1,"column":0},"end":{"line":1,"column":60}},"1":{"start":{"line":2,"column":0},"end":{"line":2,"column":0}},"2":{"start":{"line":3,"column":0},"end":{"line":3,"column":66}},"3":{"start":{"line":4,"column":0},"end":{"line":4,"column":64}},"4":{"start":{"line":5,"column":0},"end":{"line":5,"column":34}},"5":{"start":{"line":6,"column":0},"end":{"line":6,"column":56}},"6":{"start":{"line":7,"column":0},"end":{"line":7,"column":63}},"7":{"start":{"line":8,"column":0},"end":{"line":8,"column":33}},"8":{"start":{"line":9,"column":0},"end":{"line":9,"column":37}},"9":{"start":{"line":10,"column":0},"end":{"line":10,"column":5}},"10":{"start":{"line":11,"column":0},"end":{"line":11,"column":1}}},"s":{"0":1,"1":1,"2":1,"3":4,"4":3,"5":3,"6":2,"7":3,"8":1,"9":1,"10":3},"branchMap":{"0":{"type":"branch","line":3,"loc":{"start":{"line":3,"column":17},"end":{"line":11,"column":1}},"locations":[{"start":{"line":3,"column":17},"end":{"line":11,"column":1}}]},"1":{"type":"branch","line":4,"loc":{"start":{"line":4,"column":25},"end":{"line":4,"column":64}},"locations":[{"start":{"line":4,"column":25},"end":{"line":4,"column":64}}]},"2":{"type":"branch","line":4,"loc":{"start":{"line":4,"column":63},"end":{"line":11,"column":1}},"locations":[{"start":{"line":4,"column":63},"end":{"line":11,"column":1}}]},"3":{"type":"branch","line":5,"loc":{"start":{"line":5,"column":11},"end":{"line":10,"column":5}},"locations":[{"start":{"line":5,"column":11},"end":{"line":10,"column":5}}]},"4":{"type":"branch","line":6,"loc":{"start":{"line":6,"column":17},"end":{"line":6,"column":56}},"locations":[{"start":{"line":6,"column":17},"end":{"line":6,"column":56}}]},"5":{"type":"branch","line":7,"loc":{"start":{"line":7,"column":-1},"end":{"line":8,"column":22}},"locations":[{"start":{"line":7,"column":-1},"end":{"line":8,"column":22}}]},"6":{"type":"branch","line":8,"loc":{"start":{"line":8,"column":22},"end":{"line":10,"column":5}},"locations":[{"start":{"line":8,"column":22},"end":{"line":10,"column":5}}]}},"b":{"0":[4],"1":[1],"2":[3],"3":[3],"4":[1],"5":[2],"6":[1]},"fnMap":{"0":{"name":"getUserByCPFUseCase","decl":{"start":{"line":3,"column":17},"end":{"line":11,"column":1}},"loc":{"start":{"line":3,"column":17},"end":{"line":11,"column":1}},"line":3}},"f":{"0":4}}
,"C:\\Users\\conta\\projects\\src\\application\\user\\register-user.usecase.js": {"path":"C:\\Users\\conta\\projects\\src\\application\\user\\register-user.usecase.js","all":false,"statementMap":{"0":{"start":{"line":1,"column":0},"end":{"line":1,"column":50}},"1":{"start":{"line":2,"column":0},"end":{"line":2,"column":57}},"2":{"start":{"line":3,"column":0},"end":{"line":3,"column":55}},"3":{"start":{"line":4,"column":0},"end":{"line":4,"column":0}},"4":{"start":{"line":5,"column":0},"end":{"line":5,"column":67}},"5":{"start":{"line":6,"column":0},"end":{"line":6,"column":62}},"6":{"start":{"line":7,"column":0},"end":{"line":7,"column":64}},"7":{"start":{"line":8,"column":0},"end":{"line":8,"column":56}},"8":{"start":{"line":9,"column":0},"end":{"line":9,"column":58}},"9":{"start":{"line":10,"column":0},"end":{"line":10,"column":60}},"10":{"start":{"line":11,"column":0},"end":{"line":11,"column":0}},"11":{"start":{"line":12,"column":0},"end":{"line":12,"column":60}},"12":{"start":{"line":13,"column":0},"end":{"line":13,"column":69}},"13":{"start":{"line":14,"column":0},"end":{"line":14,"column":75}},"14":{"start":{"line":15,"column":0},"end":{"line":15,"column":0}},"15":{"start":{"line":16,"column":0},"end":{"line":16,"column":66}},"16":{"start":{"line":17,"column":0},"end":{"line":17,"column":67}},"17":{"start":{"line":18,"column":0},"end":{"line":18,"column":0}},"18":{"start":{"line":19,"column":0},"end":{"line":19,"column":72}},"19":{"start":{"line":20,"column":0},"end":{"line":20,"column":72}},"20":{"start":{"line":21,"column":0},"end":{"line":21,"column":0}},"21":{"start":{"line":22,"column":0},"end":{"line":22,"column":35}},"22":{"start":{"line":23,"column":0},"end":{"line":23,"column":11}},"23":{"start":{"line":24,"column":0},"end":{"line":24,"column":10}},"24":{"start":{"line":25,"column":0},"end":{"line":25,"column":12}},"25":{"start":{"line":26,"column":0},"end":{"line":26,"column":14}},"26":{"start":{"line":27,"column":0},"end":{"line":27,"column":12}},"27":{"start":{"line":28,"column":0},"end":{"line":28,"column":7}},"28":{"start":{"line":29,"column":0},"end":{"line":29,"column":29}},"29":{"start":{"line":30,"column":0},"end":{"line":30,"column":4}},"30":{"start":{"line":31,"column":0},"end":{"line":31,"column":2}}},"s":{"0":1,"1":1,"2":1,"3":1,"4":1,"5":7,"6":6,"7":6,"8":6,"9":6,"10":6,"11":6,"12":6,"13":6,"14":3,"15":3,"16":6,"17":2,"18":2,"19":6,"20":1,"21":1,"22":1,"23":1,"24":1,"25":1,"26":1,"27":1,"28":1,"29":6,"30":6},"branchMap":{"0":{"type":"branch","line":5,"loc":{"start":{"line":5,"column":17},"end":{"line":31,"column":2}},"locations":[{"start":{"line":5,"column":17},"end":{"line":31,"column":2}}]},"1":{"type":"branch","line":6,"loc":{"start":{"line":6,"column":23},"end":{"line":6,"column":62}},"locations":[{"start":{"line":6,"column":23},"end":{"line":6,"column":62}}]},"2":{"type":"branch","line":6,"loc":{"start":{"line":6,"column":61},"end":{"line":31,"column":2}},"locations":[{"start":{"line":6,"column":61},"end":{"line":31,"column":2}}]},"3":{"type":"branch","line":7,"loc":{"start":{"line":7,"column":9},"end":{"line":30,"column":3}},"locations":[{"start":{"line":7,"column":9},"end":{"line":30,"column":3}}]},"4":{"type":"branch","line":10,"loc":{"start":{"line":10,"column":23},"end":{"line":10,"column":30}},"locations":[{"start":{"line":10,"column":23},"end":{"line":10,"column":30}}]},"5":{"type":"branch","line":10,"loc":{"start":{"line":10,"column":30},"end":{"line":10,"column":39}},"locations":[{"start":{"line":10,"column":30},"end":{"line":10,"column":39}}]},"6":{"type":"branch","line":10,"loc":{"start":{"line":10,"column":39},"end":{"line":10,"column":50}},"locations":[{"start":{"line":10,"column":39},"end":{"line":10,"column":50}}]},"7":{"type":"branch","line":10,"loc":{"start":{"line":10,"column":50},"end":{"line":10,"column":59}},"locations":[{"start":{"line":10,"column":50},"end":{"line":10,"column":59}}]},"8":{"type":"branch","line":12,"loc":{"start":{"line":12,"column":17},"end":{"line":12,"column":60}},"locations":[{"start":{"line":12,"column":17},"end":{"line":12,"column":60}}]},"9":{"type":"branch","line":12,"loc":{"start":{"line":12,"column":59},"end":{"line":13,"column":29}},"locations":[{"start":{"line":12,"column":59},"end":{"line":13,"column":29}}]},"10":{"type":"branch","line":13,"loc":{"start":{"line":13,"column":29},"end":{"line":13,"column":69}},"locations":[{"start":{"line":13,"column":29},"end":{"line":13,"column":69}}]},"11":{"type":"branch","line":13,"loc":{"start":{"line":13,"column":68},"end":{"line":14,"column":33}},"locations":[{"start":{"line":13,"column":68},"end":{"line":14,"column":33}}]},"12":{"type":"branch","line":14,"loc":{"start":{"line":14,"column":33},"end":{"line":14,"column":75}},"locations":[{"start":{"line":14,"column":33},"end":{"line":14,"column":75}}]},"13":{"type":"branch","line":14,"loc":{"start":{"line":14,"column":74},"end":{"line":17,"column":24}},"locations":[{"start":{"line":14,"column":74},"end":{"line":17,"column":24}}]},"14":{"type":"branch","line":17,"loc":{"start":{"line":17,"column":24},"end":{"line":17,"column":67}},"locations":[{"start":{"line":17,"column":24},"end":{"line":17,"column":67}}]},"15":{"type":"branch","line":18,"loc":{"start":{"line":18,"column":-1},"end":{"line":20,"column":26}},"locations":[{"start":{"line":18,"column":-1},"end":{"line":20,"column":26}}]},"16":{"type":"branch","line":20,"loc":{"start":{"line":20,"column":26},"end":{"line":30,"column":3}},"locations":[{"start":{"line":20,"column":26},"end":{"line":30,"column":3}}]}},"b":{"0":[7],"1":[1],"2":[6],"3":[6],"4":[5],"5":[5],"6":[5],"7":[5],"8":[1],"9":[5],"10":[1],"11":[4],"12":[1],"13":[3],"14":[1],"15":[2],"16":[1]},"fnMap":{"0":{"name":"registerUserUseCase","decl":{"start":{"line":5,"column":17},"end":{"line":31,"column":2}},"loc":{"start":{"line":5,"column":17},"end":{"line":31,"column":2}},"line":5}},"f":{"0":7}}
,"C:\\Users\\conta\\projects\\src\\domain\\entities\\loan.entity.js": {"path":"C:\\Users\\conta\\projects\\src\\domain\\entities\\loan.entity.js","all":false,"statementMap":{"0":{"start":{"line":1,"column":0},"end":{"line":1,"column":52}},"1":{"start":{"line":2,"column":0},"end":{"line":2,"column":0}},"2":{"start":{"line":3,"column":0},"end":{"line":3,"column":0}},"3":{"start":{"line":4,"column":0},"end":{"line":4,"column":20}},"4":{"start":{"line":5,"column":0},"end":{"line":5,"column":61}},"5":{"start":{"line":6,"column":0},"end":{"line":6,"column":88}},"6":{"start":{"line":7,"column":0},"end":{"line":7,"column":29}},"7":{"start":{"line":8,"column":0},"end":{"line":8,"column":129}},"8":{"start":{"line":9,"column":0},"end":{"line":9,"column":4}},"9":{"start":{"line":10,"column":0},"end":{"line":10,"column":41}},"10":{"start":{"line":11,"column":0},"end":{"line":11,"column":4}},"11":{"start":{"line":12,"column":0},"end":{"line":12,"column":43}},"12":{"start":{"line":13,"column":0},"end":{"line":13,"column":5}},"13":{"start":{"line":14,"column":0},"end":{"line":14,"column":0}},"14":{"start":{"line":15,"column":0},"end":{"line":15,"column":25}},"15":{"start":{"line":16,"column":0},"end":{"line":16,"column":1}},"16":{"start":{"line":17,"column":0},"end":{"line":17,"column":0}},"17":{"start":{"line":18,"column":0},"end":{"line":18,"column":23}}},"s":{"0":1,"1":1,"2":1,"3":1,"4":1,"5":2,"6":2,"7":2,"8":2,"9":2,"10":1,"11":1,"12":1,"13":1,"14":1,"15":1,"16":1,"17":1},"branchMap":{"0":{"type":"branch","line":4,"loc":{"start":{"line":4,"column":13},"end":{"line":16,"column":1}},"locations":[{"start":{"line":4,"column":13},"end":{"line":16,"column":1}}]},"1":{"type":"branch","line":5,"loc":{"start":{"line":5,"column":23},"end":{"line":13,"column":5}},"locations":[{"start":{"line":5,"column":23},"end":{"line":13,"column":5}}]},"2":{"type":"branch","line":6,"loc":{"start":{"line":6,"column":50},"end":{"line":6,"column":88}},"locations":[{"start":{"line":6,"column":50},"end":{"line":6,"column":88}}]},"3":{"type":"branch","line":10,"loc":{"start":{"line":10,"column":33},"end":{"line":13,"column":5}},"locations":[{"start":{"line":10,"column":33},"end":{"line":13,"column":5}}]}},"b":{"0":[1],"1":[2],"2":[0],"3":[1]},"fnMap":{"0":{"name":"loan","decl":{"start":{"line":4,"column":13},"end":{"line":16,"column":1}},"loc":{"start":{"line":4,"column":13},"end":{"line":16,"column":1}},"line":4},"1":{"name":"verifyFine","decl":{"start":{"line":5,"column":23},"end":{"line":13,"column":5}},"loc":{"start":{"line":5,"column":23},"end":{"line":13,"column":5}},"line":5}},"f":{"0":1,"1":2}}
,"C:\\Users\\conta\\projects\\src\\infra\\db\\typeorm\\setup.js": {"path":"C:\\Users\\conta\\projects\\src\\infra\\db\\typeorm\\setup.js","all":false,"statementMap":{"0":{"start":{"line":1,"column":0},"end":{"line":1,"column":0}},"1":{"start":{"line":2,"column":0},"end":{"line":2,"column":34}},"2":{"start":{"line":3,"column":0},"end":{"line":3,"column":46}},"3":{"start":{"line":4,"column":0},"end":{"line":4,"column":46}},"4":{"start":{"line":5,"column":0},"end":{"line":5,"column":50}},"5":{"start":{"line":6,"column":0},"end":{"line":6,"column":0}},"6":{"start":{"line":7,"column":0},"end":{"line":7,"column":46}},"7":{"start":{"line":8,"column":0},"end":{"line":8,"column":19}},"8":{"start":{"line":9,"column":0},"end":{"line":9,"column":26}},"9":{"start":{"line":10,"column":0},"end":{"line":10,"column":22}},"10":{"start":{"line":11,"column":0},"end":{"line":11,"column":21}},"11":{"start":{"line":12,"column":0},"end":{"line":12,"column":34}},"12":{"start":{"line":13,"column":0},"end":{"line":13,"column":2}},"13":{"start":{"line":14,"column":0},"end":{"line":14,"column":0}},"14":{"start":{"line":15,"column":0},"end":{"line":15,"column":18}},"15":{"start":{"line":16,"column":0},"end":{"line":16,"column":17}},"16":{"start":{"line":17,"column":0},"end":{"line":17,"column":1}}},"s":{"0":1,"1":1,"2":1,"3":1,"4":1,"5":1,"6":1,"7":1,"8":1,"9":1,"10":1,"11":1,"12":1,"13":1,"14":1,"15":1,"16":1},"branchMap":{},"b":{},"fnMap":{},"f":{}}
,"C:\\Users\\conta\\projects\\src\\infra\\db\\typeorm\\entities\\Book.entity.js": {"path":"C:\\Users\\conta\\projects\\src\\infra\\db\\typeorm\\entities\\Book.entity.js","all":false,"statementMap":{"0":{"start":{"line":1,"column":0},"end":{"line":1,"column":0}},"1":{"start":{"line":2,"column":0},"end":{"line":2,"column":43}},"2":{"start":{"line":3,"column":0},"end":{"line":3,"column":0}},"3":{"start":{"line":4,"column":0},"end":{"line":4,"column":35}},"4":{"start":{"line":5,"column":0},"end":{"line":5,"column":17}},"5":{"start":{"line":6,"column":0},"end":{"line":6,"column":22}},"6":{"start":{"line":7,"column":0},"end":{"line":7,"column":14}},"7":{"start":{"line":8,"column":0},"end":{"line":8,"column":13}},"8":{"start":{"line":9,"column":0},"end":{"line":9,"column":26}},"9":{"start":{"line":10,"column":0},"end":{"line":10,"column":24}},"10":{"start":{"line":11,"column":0},"end":{"line":11,"column":27}},"11":{"start":{"line":12,"column":0},"end":{"line":12,"column":10}},"12":{"start":{"line":13,"column":0},"end":{"line":13,"column":15}},"13":{"start":{"line":14,"column":0},"end":{"line":14,"column":27}},"14":{"start":{"line":15,"column":0},"end":{"line":15,"column":10}},"15":{"start":{"line":16,"column":0},"end":{"line":16,"column":19}},"16":{"start":{"line":17,"column":0},"end":{"line":17,"column":23}},"17":{"start":{"line":18,"column":0},"end":{"line":18,"column":10}},"18":{"start":{"line":19,"column":0},"end":{"line":19,"column":17}},"19":{"start":{"line":20,"column":0},"end":{"line":20,"column":28}},"20":{"start":{"line":21,"column":0},"end":{"line":21,"column":24}},"21":{"start":{"line":22,"column":0},"end":{"line":22,"column":10}},"22":{"start":{"line":23,"column":0},"end":{"line":23,"column":17}},"23":{"start":{"line":24,"column":0},"end":{"line":24,"column":27}},"24":{"start":{"line":25,"column":0},"end":{"line":25,"column":10}},"25":{"start":{"line":26,"column":0},"end":{"line":26,"column":15}},"26":{"start":{"line":27,"column":0},"end":{"line":27,"column":24}},"27":{"start":{"line":28,"column":0},"end":{"line":28,"column":24}},"28":{"start":{"line":29,"column":0},"end":{"line":29,"column":10}},"29":{"start":{"line":30,"column":0},"end":{"line":30,"column":5}},"30":{"start":{"line":31,"column":0},"end":{"line":31,"column":2}}},"s":{"0":1,"1":1,"2":1,"3":1,"4":1,"5":1,"6":1,"7":1,"8":1,"9":1,"10":1,"11":1,"12":1,"13":1,"14":1,"15":1,"16":1,"17":1,"18":1,"19":1,"20":1,"21":1,"22":1,"23":1,"24":1,"25":1,"26":1,"27":1,"28":1,"29":1,"30":1},"branchMap":{},"b":{},"fnMap":{},"f":{}}
,"C:\\Users\\conta\\projects\\src\\infra\\db\\typeorm\\entities\\Borrow.entity.js": {"path":"C:\\Users\\conta\\projects\\src\\infra\\db\\typeorm\\entities\\Borrow.entity.js","all":false,"statementMap":{"0":{"start":{"line":1,"column":0},"end":{"line":1,"column":0}},"1":{"start":{"line":2,"column":0},"end":{"line":2,"column":55}},"2":{"start":{"line":3,"column":0},"end":{"line":3,"column":0}},"3":{"start":{"line":4,"column":0},"end":{"line":4,"column":35}},"4":{"start":{"line":5,"column":0},"end":{"line":5,"column":19}},"5":{"start":{"line":6,"column":0},"end":{"line":6,"column":24}},"6":{"start":{"line":7,"column":0},"end":{"line":7,"column":14}},"7":{"start":{"line":8,"column":0},"end":{"line":8,"column":13}},"8":{"start":{"line":9,"column":0},"end":{"line":9,"column":26}},"9":{"start":{"line":10,"column":0},"end":{"line":10,"column":24}},"10":{"start":{"line":11,"column":0},"end":{"line":11,"column":27}},"11":{"start":{"line":12,"column":0},"end":{"line":12,"column":10}},"12":{"start":{"line":13,"column":0},"end":{"line":13,"column":18}},"13":{"start":{"line":14,"column":0},"end":{"line":14,"column":23}},"14":{"start":{"line":15,"column":0},"end":{"line":15,"column":10}},"15":{"start":{"line":16,"column":0},"end":{"line":16,"column":18}},"16":{"start":{"line":17,"column":0},"end":{"line":17,"column":24}},"17":{"start":{"line":18,"column":0},"end":{"line":18,"column":10}},"18":{"start":{"line":19,"column":0},"end":{"line":19,"column":22}},"19":{"start":{"line":20,"column":0},"end":{"line":20,"column":24}},"20":{"start":{"line":21,"column":0},"end":{"line":21,"column":10}},"21":{"start":{"line":22,"column":0},"end":{"line":22,"column":22}},"22":{"start":{"line":23,"column":0},"end":{"line":23,"column":24}},"23":{"start":{"line":24,"column":0},"end":{"line":24,"column":10}},"24":{"start":{"line":25,"column":0},"end":{"line":25,"column":26}},"25":{"start":{"line":26,"column":0},"end":{"line":26,"column":25}},"26":{"start":{"line":27,"column":0},"end":{"line":27,"column":26}},"27":{"start":{"line":28,"column":0},"end":{"line":28,"column":9}},"28":{"start":{"line":29,"column":0},"end":{"line":29,"column":6}},"29":{"start":{"line":30,"column":0},"end":{"line":30,"column":16}},"30":{"start":{"line":31,"column":0},"end":{"line":31,"column":77}},"31":{"start":{"line":32,"column":0},"end":{"line":32,"column":15}},"32":{"start":{"line":33,"column":0},"end":{"line":33,"column":27}},"33":{"start":{"line":34,"column":0},"end":{"line":34,"column":32}},"34":{"start":{"line":35,"column":0},"end":{"line":35,"column":42}},"35":{"start":{"line":36,"column":0},"end":{"line":36,"column":25}},"36":{"start":{"line":37,"column":0},"end":{"line":37,"column":32}},"37":{"start":{"line":38,"column":0},"end":{"line":38,"column":42}},"38":{"start":{"line":39,"column":0},"end":{"line":39,"column":13}},"39":{"start":{"line":40,"column":0},"end":{"line":40,"column":10}},"40":{"start":{"line":41,"column":0},"end":{"line":41,"column":47}},"41":{"start":{"line":42,"column":0},"end":{"line":42,"column":15}},"42":{"start":{"line":43,"column":0},"end":{"line":43,"column":27}},"43":{"start":{"line":44,"column":0},"end":{"line":44,"column":32}},"44":{"start":{"line":45,"column":0},"end":{"line":45,"column":25}},"45":{"start":{"line":46,"column":0},"end":{"line":46,"column":32}},"46":{"start":{"line":47,"column":0},"end":{"line":47,"column":42}},"47":{"start":{"line":48,"column":0},"end":{"line":48,"column":13}},"48":{"start":{"line":49,"column":0},"end":{"line":49,"column":9}},"49":{"start":{"line":50,"column":0},"end":{"line":50,"column":5}},"50":{"start":{"line":51,"column":0},"end":{"line":51,"column":2}}},"s":{"0":1,"1":1,"2":1,"3":1,"4":1,"5":1,"6":1,"7":1,"8":1,"9":1,"10":1,"11":1,"12":1,"13":1,"14":1,"15":1,"16":1,"17":1,"18":1,"19":1,"20":1,"21":1,"22":1,"23":1,"24":1,"25":1,"26":1,"27":1,"28":1,"29":1,"30":1,"31":1,"32":1,"33":1,"34":1,"35":1,"36":1,"37":1,"38":1,"39":1,"40":1,"41":1,"42":1,"43":1,"44":1,"45":1,"46":1,"47":1,"48":1,"49":1,"50":1},"branchMap":{},"b":{},"fnMap":{},"f":{}}
,"C:\\Users\\conta\\projects\\src\\infra\\db\\typeorm\\entities\\User.entity.js": {"path":"C:\\Users\\conta\\projects\\src\\infra\\db\\typeorm\\entities\\User.entity.js","all":false,"statementMap":{"0":{"start":{"line":1,"column":0},"end":{"line":1,"column":0}},"1":{"start":{"line":2,"column":0},"end":{"line":2,"column":43}},"2":{"start":{"line":3,"column":0},"end":{"line":3,"column":0}},"3":{"start":{"line":4,"column":0},"end":{"line":4,"column":35}},"4":{"start":{"line":5,"column":0},"end":{"line":5,"column":17}},"5":{"start":{"line":6,"column":0},"end":{"line":6,"column":22}},"6":{"start":{"line":7,"column":0},"end":{"line":7,"column":14}},"7":{"start":{"line":8,"column":0},"end":{"line":8,"column":13}},"8":{"start":{"line":9,"column":0},"end":{"line":9,"column":26}},"9":{"start":{"line":10,"column":0},"end":{"line":10,"column":24}},"10":{"start":{"line":11,"column":0},"end":{"line":11,"column":27}},"11":{"start":{"line":12,"column":0},"end":{"line":12,"column":10}},"12":{"start":{"line":13,"column":0},"end":{"line":13,"column":15}},"13":{"start":{"line":14,"column":0},"end":{"line":14,"column":27}},"14":{"start":{"line":15,"column":0},"end":{"line":15,"column":10}},"15":{"start":{"line":16,"column":0},"end":{"line":16,"column":14}},"16":{"start":{"line":17,"column":0},"end":{"line":17,"column":28}},"17":{"start":{"line":18,"column":0},"end":{"line":18,"column":24}},"18":{"start":{"line":19,"column":0},"end":{"line":19,"column":10}},"19":{"start":{"line":20,"column":0},"end":{"line":20,"column":18}},"20":{"start":{"line":21,"column":0},"end":{"line":21,"column":27}},"21":{"start":{"line":22,"column":0},"end":{"line":22,"column":10}},"22":{"start":{"line":23,"column":0},"end":{"line":23,"column":16}},"23":{"start":{"line":24,"column":0},"end":{"line":24,"column":27}},"24":{"start":{"line":25,"column":0},"end":{"line":25,"column":10}},"25":{"start":{"line":26,"column":0},"end":{"line":26,"column":16}},"26":{"start":{"line":27,"column":0},"end":{"line":27,"column":28}},"27":{"start":{"line":28,"column":0},"end":{"line":28,"column":24}},"28":{"start":{"line":29,"column":0},"end":{"line":29,"column":9}},"29":{"start":{"line":30,"column":0},"end":{"line":30,"column":5}},"30":{"start":{"line":31,"column":0},"end":{"line":31,"column":2}}},"s":{"0":1,"1":1,"2":1,"3":1,"4":1,"5":1,"6":1,"7":1,"8":1,"9":1,"10":1,"11":1,"12":1,"13":1,"14":1,"15":1,"16":1,"17":1,"18":1,"19":1,"20":1,"21":1,"22":1,"23":1,"24":1,"25":1,"26":1,"27":1,"28":1,"29":1,"30":1},"branchMap":{},"b":{},"fnMap":{},"f":{}}
,"C:\\Users\\conta\\projects\\src\\infra\\db\\typeorm\\repositories\\Book.repository.js": {"path":"C:\\Users\\conta\\projects\\src\\infra\\db\\typeorm\\repositories\\Book.repository.js","all":false,"statementMap":{"0":{"start":{"line":1,"column":0},"end":{"line":1,"column":35}},"1":{"start":{"line":2,"column":0},"end":{"line":2,"column":45}},"2":{"start":{"line":3,"column":0},"end":{"line":3,"column":0}},"3":{"start":{"line":4,"column":0},"end":{"line":4,"column":65}},"4":{"start":{"line":5,"column":0},"end":{"line":5,"column":0}},"5":{"start":{"line":6,"column":0},"end":{"line":6,"column":30}},"6":{"start":{"line":7,"column":0},"end":{"line":7,"column":72}},"7":{"start":{"line":8,"column":0},"end":{"line":8,"column":42}},"8":{"start":{"line":9,"column":0},"end":{"line":9,"column":17}},"9":{"start":{"line":10,"column":0},"end":{"line":10,"column":21}},"10":{"start":{"line":11,"column":0},"end":{"line":11,"column":19}},"11":{"start":{"line":12,"column":0},"end":{"line":12,"column":19}},"12":{"start":{"line":13,"column":0},"end":{"line":13,"column":16}},"13":{"start":{"line":14,"column":0},"end":{"line":14,"column":10}},"14":{"start":{"line":15,"column":0},"end":{"line":15,"column":5}},"15":{"start":{"line":16,"column":0},"end":{"line":16,"column":0}},"16":{"start":{"line":17,"column":0},"end":{"line":17,"column":46}},"17":{"start":{"line":18,"column":0},"end":{"line":18,"column":55}},"18":{"start":{"line":19,"column":0},"end":{"line":19,"column":23}},"19":{"start":{"line":20,"column":0},"end":{"line":20,"column":23}},"20":{"start":{"line":21,"column":0},"end":{"line":21,"column":16}},"21":{"start":{"line":22,"column":0},"end":{"line":22,"column":13}},"22":{"start":{"line":23,"column":0},"end":{"line":23,"column":8}},"23":{"start":{"line":24,"column":0},"end":{"line":24,"column":0}},"24":{"start":{"line":25,"column":0},"end":{"line":25,"column":46}},"25":{"start":{"line":26,"column":0},"end":{"line":26,"column":55}},"26":{"start":{"line":27,"column":0},"end":{"line":27,"column":23}},"27":{"start":{"line":28,"column":0},"end":{"line":28,"column":23}},"28":{"start":{"line":29,"column":0},"end":{"line":29,"column":16}},"29":{"start":{"line":30,"column":0},"end":{"line":30,"column":13}},"30":{"start":{"line":31,"column":0},"end":{"line":31,"column":8}},"31":{"start":{"line":32,"column":0},"end":{"line":32,"column":0}},"32":{"start":{"line":33,"column":0},"end":{"line":33,"column":50}},"33":{"start":{"line":34,"column":0},"end":{"line":34,"column":55}},"34":{"start":{"line":35,"column":0},"end":{"line":35,"column":20}},"35":{"start":{"line":36,"column":0},"end":{"line":36,"column":17}},"36":{"start":{"line":37,"column":0},"end":{"line":37,"column":45}},"37":{"start":{"line":38,"column":0},"end":{"line":38,"column":18}},"38":{"start":{"line":39,"column":0},"end":{"line":39,"column":17}},"39":{"start":{"line":40,"column":0},"end":{"line":40,"column":31}},"40":{"start":{"line":41,"column":0},"end":{"line":41,"column":17}},"41":{"start":{"line":42,"column":0},"end":{"line":42,"column":13}},"42":{"start":{"line":43,"column":0},"end":{"line":43,"column":10}},"43":{"start":{"line":44,"column":0},"end":{"line":44,"column":0}},"44":{"start":{"line":45,"column":0},"end":{"line":45,"column":19}},"45":{"start":{"line":46,"column":0},"end":{"line":46,"column":5}},"46":{"start":{"line":47,"column":0},"end":{"line":47,"column":0}},"47":{"start":{"line":48,"column":0},"end":{"line":48,"column":45}},"48":{"start":{"line":49,"column":0},"end":{"line":49,"column":56}},"49":{"start":{"line":50,"column":0},"end":{"line":50,"column":20}},"50":{"start":{"line":51,"column":0},"end":{"line":51,"column":20}},"51":{"start":{"line":52,"column":0},"end":{"line":52,"column":13}},"52":{"start":{"line":53,"column":0},"end":{"line":53,"column":10}},"53":{"start":{"line":54,"column":0},"end":{"line":54,"column":0}},"54":{"start":{"line":55,"column":0},"end":{"line":55,"column":40}},"55":{"start":{"line":56,"column":0},"end":{"line":56,"column":5}},"56":{"start":{"line":57,"column":0},"end":{"line":57,"column":0}},"57":{"start":{"line":58,"column":0},"end":{"line":58,"column":12}},"58":{"start":{"line":59,"column":0},"end":{"line":59,"column":17}},"59":{"start":{"line":60,"column":0},"end":{"line":60,"column":24}},"60":{"start":{"line":61,"column":0},"end":{"line":61,"column":25}},"61":{"start":{"line":62,"column":0},"end":{"line":62,"column":25}},"62":{"start":{"line":63,"column":0},"end":{"line":63,"column":27}},"63":{"start":{"line":64,"column":0},"end":{"line":64,"column":5}},"64":{"start":{"line":65,"column":0},"end":{"line":65,"column":1}},"65":{"start":{"line":66,"column":0},"end":{"line":66,"column":0}},"66":{"start":{"line":67,"column":0},"end":{"line":67,"column":58}}},"s":{"0":1,"1":1,"2":1,"3":1,"4":1,"5":1,"6":1,"7":1,"8":1,"9":1,"10":1,"11":1,"12":1,"13":1,"14":1,"15":1,"16":1,"17":1,"18":1,"19":1,"20":1,"21":1,"22":1,"23":1,"24":1,"25":1,"26":1,"27":1,"28":1,"29":1,"30":1,"31":1,"32":1,"33":2,"34":2,"35":2,"36":2,"37":2,"38":2,"39":2,"40":2,"41":2,"42":2,"43":2,"44":2,"45":2,"46":1,"47":1,"48":2,"49":2,"50":2,"51":2,"52":2,"53":2,"54":2,"55":2,"56":1,"57":1,"58":1,"59":1,"60":1,"61":1,"62":1,"63":1,"64":1,"65":1,"66":1},"branchMap":{"0":{"type":"branch","line":6,"loc":{"start":{"line":6,"column":23},"end":{"line":65,"column":1}},"locations":[{"start":{"line":6,"column":23},"end":{"line":65,"column":1}}]},"1":{"type":"branch","line":7,"loc":{"start":{"line":7,"column":21},"end":{"line":15,"column":5}},"locations":[{"start":{"line":7,"column":21},"end":{"line":15,"column":5}}]},"2":{"type":"branch","line":33,"loc":{"start":{"line":33,"column":32},"end":{"line":46,"column":5}},"locations":[{"start":{"line":33,"column":32},"end":{"line":46,"column":5}}]},"3":{"type":"branch","line":48,"loc":{"start":{"line":48,"column":28},"end":{"line":56,"column":5}},"locations":[{"start":{"line":48,"column":28},"end":{"line":56,"column":5}}]},"4":{"type":"branch","line":55,"loc":{"start":{"line":55,"column":25},"end":{"line":55,"column":33}},"locations":[{"start":{"line":55,"column":25},"end":{"line":55,"column":33}}]},"5":{"type":"branch","line":55,"loc":{"start":{"line":55,"column":33},"end":{"line":55,"column":40}},"locations":[{"start":{"line":55,"column":33},"end":{"line":55,"column":40}}]}},"b":{"0":[1],"1":[1],"2":[2],"3":[2],"4":[1],"5":[1]},"fnMap":{"0":{"name":"bookRepository","decl":{"start":{"line":6,"column":23},"end":{"line":65,"column":1}},"loc":{"start":{"line":6,"column":23},"end":{"line":65,"column":1}},"line":6},"1":{"name":"register","decl":{"start":{"line":7,"column":21},"end":{"line":15,"column":5}},"loc":{"start":{"line":7,"column":21},"end":{"line":15,"column":5}},"line":7},"2":{"name":"getBookByNameOrISBN","decl":{"start":{"line":33,"column":32},"end":{"line":46,"column":5}},"loc":{"start":{"line":33,"column":32},"end":{"line":46,"column":5}},"line":33},"3":{"name":"existBookByISBN","decl":{"start":{"line":48,"column":28},"end":{"line":56,"column":5}},"loc":{"start":{"line":48,"column":28},"end":{"line":56,"column":5}},"line":48}},"f":{"0":1,"1":1,"2":2,"3":2}}
,"C:\\Users\\conta\\projects\\src\\infra\\db\\typeorm\\repositories\\Borrows.repository.js": {"path":"C:\\Users\\conta\\projects\\src\\infra\\db\\typeorm\\repositories\\Borrows.repository.js","all":false,"statementMap":{"0":{"start":{"line":1,"column":0},"end":{"line":1,"column":43}},"1":{"start":{"line":2,"column":0},"end":{"line":2,"column":45}},"2":{"start":{"line":3,"column":0},"end":{"line":3,"column":52}},"3":{"start":{"line":4,"column":0},"end":{"line":4,"column":0}},"4":{"start":{"line":5,"column":0},"end":{"line":5,"column":69}},"5":{"start":{"line":6,"column":0},"end":{"line":6,"column":0}},"6":{"start":{"line":7,"column":0},"end":{"line":7,"column":32}},"7":{"start":{"line":8,"column":0},"end":{"line":8,"column":76}},"8":{"start":{"line":9,"column":0},"end":{"line":9,"column":44}},"9":{"start":{"line":10,"column":0},"end":{"line":10,"column":20}},"10":{"start":{"line":11,"column":0},"end":{"line":11,"column":20}},"11":{"start":{"line":12,"column":0},"end":{"line":12,"column":24}},"12":{"start":{"line":13,"column":0},"end":{"line":13,"column":24}},"13":{"start":{"line":14,"column":0},"end":{"line":14,"column":10}},"14":{"start":{"line":15,"column":0},"end":{"line":15,"column":5}},"15":{"start":{"line":16,"column":0},"end":{"line":16,"column":0}},"16":{"start":{"line":17,"column":0},"end":{"line":17,"column":57}},"17":{"start":{"line":18,"column":0},"end":{"line":18,"column":57}},"18":{"start":{"line":19,"column":0},"end":{"line":19,"column":23}},"19":{"start":{"line":20,"column":0},"end":{"line":20,"column":10}},"20":{"start":{"line":21,"column":0},"end":{"line":21,"column":0}},"21":{"start":{"line":22,"column":0},"end":{"line":22,"column":65}},"22":{"start":{"line":23,"column":0},"end":{"line":23,"column":25}},"23":{"start":{"line":24,"column":0},"end":{"line":24,"column":10}},"24":{"start":{"line":25,"column":0},"end":{"line":25,"column":0}},"25":{"start":{"line":26,"column":0},"end":{"line":26,"column":48}},"26":{"start":{"line":27,"column":0},"end":{"line":27,"column":5}},"27":{"start":{"line":28,"column":0},"end":{"line":28,"column":0}},"28":{"start":{"line":29,"column":0},"end":{"line":29,"column":48}},"29":{"start":{"line":30,"column":0},"end":{"line":30,"column":66}},"30":{"start":{"line":31,"column":0},"end":{"line":31,"column":20}},"31":{"start":{"line":32,"column":0},"end":{"line":32,"column":41}},"32":{"start":{"line":33,"column":0},"end":{"line":33,"column":14}},"33":{"start":{"line":34,"column":0},"end":{"line":34,"column":40}},"34":{"start":{"line":35,"column":0},"end":{"line":35,"column":21}},"35":{"start":{"line":36,"column":0},"end":{"line":36,"column":25}},"36":{"start":{"line":37,"column":0},"end":{"line":37,"column":34}},"37":{"start":{"line":38,"column":0},"end":{"line":38,"column":34}},"38":{"start":{"line":39,"column":0},"end":{"line":39,"column":23}},"39":{"start":{"line":40,"column":0},"end":{"line":40,"column":31}},"40":{"start":{"line":41,"column":0},"end":{"line":41,"column":29}},"41":{"start":{"line":42,"column":0},"end":{"line":42,"column":18}},"42":{"start":{"line":43,"column":0},"end":{"line":43,"column":23}},"43":{"start":{"line":44,"column":0},"end":{"line":44,"column":30}},"44":{"start":{"line":45,"column":0},"end":{"line":45,"column":17}},"45":{"start":{"line":46,"column":0},"end":{"line":46,"column":13}},"46":{"start":{"line":47,"column":0},"end":{"line":47,"column":10}},"47":{"start":{"line":48,"column":0},"end":{"line":48,"column":0}},"48":{"start":{"line":49,"column":0},"end":{"line":49,"column":28}},"49":{"start":{"line":50,"column":0},"end":{"line":50,"column":5}},"50":{"start":{"line":51,"column":0},"end":{"line":51,"column":0}},"51":{"start":{"line":52,"column":0},"end":{"line":52,"column":0}},"52":{"start":{"line":53,"column":0},"end":{"line":53,"column":12}},"53":{"start":{"line":54,"column":0},"end":{"line":54,"column":15}},"54":{"start":{"line":55,"column":0},"end":{"line":55,"column":24}},"55":{"start":{"line":56,"column":0},"end":{"line":56,"column":30}},"56":{"start":{"line":57,"column":0},"end":{"line":57,"column":5}},"57":{"start":{"line":58,"column":0},"end":{"line":58,"column":1}},"58":{"start":{"line":59,"column":0},"end":{"line":59,"column":0}},"59":{"start":{"line":60,"column":0},"end":{"line":60,"column":0}},"60":{"start":{"line":61,"column":0},"end":{"line":61,"column":62}}},"s":{"0":1,"1":1,"2":1,"3":1,"4":1,"5":1,"6":1,"7":1,"8":1,"9":1,"10":1,"11":1,"12":1,"13":1,"14":1,"15":1,"16":1,"17":2,"18":2,"19":2,"20":2,"21":2,"22":2,"23":2,"24":2,"25":2,"26":2,"27":1,"28":1,"29":1,"30":1,"31":1,"32":1,"33":1,"34":1,"35":1,"36":1,"37":1,"38":1,"39":1,"40":1,"41":1,"42":1,"43":1,"44":1,"45":1,"46":1,"47":1,"48":1,"49":1,"50":1,"51":1,"52":1,"53":1,"54":1,"55":1,"56":1,"57":1,"58":1,"59":1,"60":1},"branchMap":{"0":{"type":"branch","line":7,"loc":{"start":{"line":7,"column":25},"end":{"line":58,"column":1}},"locations":[{"start":{"line":7,"column":25},"end":{"line":58,"column":1}}]},"1":{"type":"branch","line":8,"loc":{"start":{"line":8,"column":19},"end":{"line":15,"column":5}},"locations":[{"start":{"line":8,"column":19},"end":{"line":15,"column":5}}]},"2":{"type":"branch","line":17,"loc":{"start":{"line":17,"column":20},"end":{"line":27,"column":5}},"locations":[{"start":{"line":17,"column":20},"end":{"line":27,"column":5}}]},"3":{"type":"branch","line":29,"loc":{"start":{"line":29,"column":35},"end":{"line":50,"column":5}},"locations":[{"start":{"line":29,"column":35},"end":{"line":50,"column":5}}]}},"b":{"0":[1],"1":[1],"2":[2],"3":[1]},"fnMap":{"0":{"name":"borrowRepository","decl":{"start":{"line":7,"column":25},"end":{"line":58,"column":1}},"loc":{"start":{"line":7,"column":25},"end":{"line":58,"column":1}},"line":7},"1":{"name":"borrow","decl":{"start":{"line":8,"column":19},"end":{"line":15,"column":5}},"loc":{"start":{"line":8,"column":19},"end":{"line":15,"column":5}},"line":8},"2":{"name":"returno","decl":{"start":{"line":17,"column":20},"end":{"line":27,"column":5}},"loc":{"start":{"line":17,"column":20},"end":{"line":27,"column":5}},"line":17},"3":{"name":"getPeddingBookWithUser","decl":{"start":{"line":29,"column":35},"end":{"line":50,"column":5}},"loc":{"start":{"line":29,"column":35},"end":{"line":50,"column":5}},"line":29}},"f":{"0":1,"1":1,"2":2,"3":1}}
,"C:\\Users\\conta\\projects\\src\\infra\\db\\typeorm\\repositories\\User.repository.js": {"path":"C:\\Users\\conta\\projects\\src\\infra\\db\\typeorm\\repositories\\User.repository.js","all":false,"statementMap":{"0":{"start":{"line":1,"column":0},"end":{"line":1,"column":45}},"1":{"start":{"line":2,"column":0},"end":{"line":2,"column":0}},"2":{"start":{"line":3,"column":0},"end":{"line":3,"column":65}},"3":{"start":{"line":4,"column":0},"end":{"line":4,"column":0}},"4":{"start":{"line":5,"column":0},"end":{"line":5,"column":0}},"5":{"start":{"line":6,"column":0},"end":{"line":6,"column":30}},"6":{"start":{"line":7,"column":0},"end":{"line":7,"column":68}},"7":{"start":{"line":8,"column":0},"end":{"line":8,"column":42}},"8":{"start":{"line":9,"column":0},"end":{"line":9,"column":17}},"9":{"start":{"line":10,"column":0},"end":{"line":10,"column":16}},"10":{"start":{"line":11,"column":0},"end":{"line":11,"column":18}},"11":{"start":{"line":12,"column":0},"end":{"line":12,"column":20}},"12":{"start":{"line":13,"column":0},"end":{"line":13,"column":17}},"13":{"start":{"line":14,"column":0},"end":{"line":14,"column":10}},"14":{"start":{"line":15,"column":0},"end":{"line":15,"column":5}},"15":{"start":{"line":16,"column":0},"end":{"line":16,"column":0}},"16":{"start":{"line":17,"column":0},"end":{"line":17,"column":41}},"17":{"start":{"line":18,"column":0},"end":{"line":18,"column":52}},"18":{"start":{"line":19,"column":0},"end":{"line":19,"column":20}},"19":{"start":{"line":20,"column":0},"end":{"line":20,"column":19}},"20":{"start":{"line":21,"column":0},"end":{"line":21,"column":13}},"21":{"start":{"line":22,"column":0},"end":{"line":22,"column":10}},"22":{"start":{"line":23,"column":0},"end":{"line":23,"column":5}},"23":{"start":{"line":24,"column":0},"end":{"line":24,"column":0}},"24":{"start":{"line":25,"column":0},"end":{"line":25,"column":39}},"25":{"start":{"line":26,"column":0},"end":{"line":26,"column":56}},"26":{"start":{"line":27,"column":0},"end":{"line":27,"column":20}},"27":{"start":{"line":28,"column":0},"end":{"line":28,"column":19}},"28":{"start":{"line":29,"column":0},"end":{"line":29,"column":13}},"29":{"start":{"line":30,"column":0},"end":{"line":30,"column":10}},"30":{"start":{"line":31,"column":0},"end":{"line":31,"column":0}},"31":{"start":{"line":32,"column":0},"end":{"line":32,"column":40}},"32":{"start":{"line":33,"column":0},"end":{"line":33,"column":5}},"33":{"start":{"line":34,"column":0},"end":{"line":34,"column":0}},"34":{"start":{"line":35,"column":0},"end":{"line":35,"column":43}},"35":{"start":{"line":36,"column":0},"end":{"line":36,"column":56}},"36":{"start":{"line":37,"column":0},"end":{"line":37,"column":20}},"37":{"start":{"line":38,"column":0},"end":{"line":38,"column":21}},"38":{"start":{"line":39,"column":0},"end":{"line":39,"column":13}},"39":{"start":{"line":40,"column":0},"end":{"line":40,"column":10}},"40":{"start":{"line":41,"column":0},"end":{"line":41,"column":0}},"41":{"start":{"line":42,"column":0},"end":{"line":42,"column":40}},"42":{"start":{"line":43,"column":0},"end":{"line":43,"column":5}},"43":{"start":{"line":44,"column":0},"end":{"line":44,"column":0}},"44":{"start":{"line":45,"column":0},"end":{"line":45,"column":63}},"45":{"start":{"line":46,"column":0},"end":{"line":46,"column":1}},"46":{"start":{"line":47,"column":0},"end":{"line":47,"column":0}},"47":{"start":{"line":48,"column":0},"end":{"line":48,"column":57}}},"s":{"0":1,"1":1,"2":1,"3":1,"4":1,"5":1,"6":1,"7":1,"8":1,"9":1,"10":1,"11":1,"12":1,"13":1,"14":1,"15":1,"16":1,"17":2,"18":2,"19":2,"20":2,"21":2,"22":2,"23":1,"24":1,"25":2,"26":2,"27":2,"28":2,"29":2,"30":2,"31":2,"32":2,"33":1,"34":1,"35":2,"36":2,"37":2,"38":2,"39":2,"40":2,"41":2,"42":2,"43":1,"44":1,"45":1,"46":1,"47":1},"branchMap":{"0":{"type":"branch","line":6,"loc":{"start":{"line":6,"column":23},"end":{"line":46,"column":1}},"locations":[{"start":{"line":6,"column":23},"end":{"line":46,"column":1}}]},"1":{"type":"branch","line":7,"loc":{"start":{"line":7,"column":21},"end":{"line":15,"column":5}},"locations":[{"start":{"line":7,"column":21},"end":{"line":15,"column":5}}]},"2":{"type":"branch","line":17,"loc":{"start":{"line":17,"column":25},"end":{"line":23,"column":5}},"locations":[{"start":{"line":17,"column":25},"end":{"line":23,"column":5}}]},"3":{"type":"branch","line":25,"loc":{"start":{"line":25,"column":23},"end":{"line":33,"column":5}},"locations":[{"start":{"line":25,"column":23},"end":{"line":33,"column":5}}]},"4":{"type":"branch","line":32,"loc":{"start":{"line":32,"column":25},"end":{"line":32,"column":33}},"locations":[{"start":{"line":32,"column":25},"end":{"line":32,"column":33}}]},"5":{"type":"branch","line":32,"loc":{"start":{"line":32,"column":33},"end":{"line":32,"column":40}},"locations":[{"start":{"line":32,"column":33},"end":{"line":32,"column":40}}]},"6":{"type":"branch","line":35,"loc":{"start":{"line":35,"column":25},"end":{"line":43,"column":5}},"locations":[{"start":{"line":35,"column":25},"end":{"line":43,"column":5}}]},"7":{"type":"branch","line":42,"loc":{"start":{"line":42,"column":25},"end":{"line":42,"column":33}},"locations":[{"start":{"line":42,"column":25},"end":{"line":42,"column":33}}]},"8":{"type":"branch","line":42,"loc":{"start":{"line":42,"column":33},"end":{"line":42,"column":40}},"locations":[{"start":{"line":42,"column":33},"end":{"line":42,"column":40}}]}},"b":{"0":[1],"1":[1],"2":[2],"3":[2],"4":[1],"5":[1],"6":[2],"7":[1],"8":[1]},"fnMap":{"0":{"name":"userRepository","decl":{"start":{"line":6,"column":23},"end":{"line":46,"column":1}},"loc":{"start":{"line":6,"column":23},"end":{"line":46,"column":1}},"line":6},"1":{"name":"register","decl":{"start":{"line":7,"column":21},"end":{"line":15,"column":5}},"loc":{"start":{"line":7,"column":21},"end":{"line":15,"column":5}},"line":7},"2":{"name":"getUserByCPF","decl":{"start":{"line":17,"column":25},"end":{"line":23,"column":5}},"loc":{"start":{"line":17,"column":25},"end":{"line":23,"column":5}},"line":17},"3":{"name":"existByCPF","decl":{"start":{"line":25,"column":23},"end":{"line":33,"column":5}},"loc":{"start":{"line":25,"column":23},"end":{"line":33,"column":5}},"line":25},"4":{"name":"existByEmail","decl":{"start":{"line":35,"column":25},"end":{"line":43,"column":5}},"loc":{"start":{"line":35,"column":25},"end":{"line":43,"column":5}},"line":35}},"f":{"0":1,"1":1,"2":2,"3":2,"4":2}}
,"C:\\Users\\conta\\projects\\src\\shared\\errors\\AppError.js": {"path":"C:\\Users\\conta\\projects\\src\\shared\\errors\\AppError.js","all":false,"statementMap":{"0":{"start":{"line":1,"column":0},"end":{"line":1,"column":0}},"1":{"start":{"line":2,"column":0},"end":{"line":2,"column":47}},"2":{"start":{"line":3,"column":0},"end":{"line":3,"column":25}},"3":{"start":{"line":4,"column":0},"end":{"line":4,"column":22}},"4":{"start":{"line":5,"column":0},"end":{"line":5,"column":30}},"5":{"start":{"line":6,"column":0},"end":{"line":6,"column":5}},"6":{"start":{"line":7,"column":0},"end":{"line":7,"column":0}},"7":{"start":{"line":8,"column":0},"end":{"line":8,"column":61}},"8":{"start":{"line":9,"column":0},"end":{"line":9,"column":53}},"9":{"start":{"line":10,"column":0},"end":{"line":10,"column":38}},"10":{"start":{"line":11,"column":0},"end":{"line":11,"column":43}},"11":{"start":{"line":12,"column":0},"end":{"line":12,"column":61}},"12":{"start":{"line":13,"column":0},"end":{"line":13,"column":66}},"13":{"start":{"line":14,"column":0},"end":{"line":14,"column":40}},"14":{"start":{"line":15,"column":0},"end":{"line":15,"column":1}}},"s":{"0":1,"1":1,"2":1,"3":2,"4":2,"5":2,"6":1,"7":1,"8":1,"9":1,"10":1,"11":1,"12":1,"13":1,"14":1},"branchMap":{"0":{"type":"branch","line":2,"loc":{"start":{"line":2,"column":46},"end":{"line":15,"column":1}},"locations":[{"start":{"line":2,"column":46},"end":{"line":15,"column":1}}]},"1":{"type":"branch","line":3,"loc":{"start":{"line":3,"column":4},"end":{"line":6,"column":5}},"locations":[{"start":{"line":3,"column":4},"end":{"line":6,"column":5}}]}},"b":{"0":[1],"1":[2]},"fnMap":{"0":{"name":"<static_initializer>","decl":{"start":{"line":2,"column":46},"end":{"line":15,"column":1}},"loc":{"start":{"line":2,"column":46},"end":{"line":15,"column":1}},"line":2},"1":{"name":"AppError","decl":{"start":{"line":3,"column":4},"end":{"line":6,"column":5}},"loc":{"start":{"line":3,"column":4},"end":{"line":6,"column":5}},"line":3}},"f":{"0":1,"1":2}}
,"C:\\Users\\conta\\projects\\src\\shared\\errors\\Either.js": {"path":"C:\\Users\\conta\\projects\\src\\shared\\errors\\Either.js","all":false,"statementMap":{"0":{"start":{"line":1,"column":0},"end":{"line":1,"column":0}},"1":{"start":{"line":2,"column":0},"end":{"line":2,"column":31}},"2":{"start":{"line":3,"column":0},"end":{"line":3,"column":29}},"3":{"start":{"line":4,"column":0},"end":{"line":4,"column":24}},"4":{"start":{"line":5,"column":0},"end":{"line":5,"column":26}},"5":{"start":{"line":6,"column":0},"end":{"line":6,"column":5}},"6":{"start":{"line":7,"column":0},"end":{"line":7,"column":0}},"7":{"start":{"line":8,"column":0},"end":{"line":8,"column":22}},"8":{"start":{"line":9,"column":0},"end":{"line":9,"column":37}},"9":{"start":{"line":10,"column":0},"end":{"line":10,"column":5}},"10":{"start":{"line":11,"column":0},"end":{"line":11,"column":0}},"11":{"start":{"line":12,"column":0},"end":{"line":12,"column":24}},"12":{"start":{"line":13,"column":0},"end":{"line":13,"column":37}},"13":{"start":{"line":14,"column":0},"end":{"line":14,"column":5}},"14":{"start":{"line":15,"column":0},"end":{"line":15,"column":0}},"15":{"start":{"line":16,"column":0},"end":{"line":16,"column":28}},"16":{"start":{"line":17,"column":0},"end":{"line":17,"column":50}},"17":{"start":{"line":18,"column":0},"end":{"line":18,"column":5}},"18":{"start":{"line":19,"column":0},"end":{"line":19,"column":0}},"19":{"start":{"line":20,"column":0},"end":{"line":20,"column":28}},"20":{"start":{"line":21,"column":0},"end":{"line":21,"column":51}},"21":{"start":{"line":22,"column":0},"end":{"line":22,"column":5}},"22":{"start":{"line":23,"column":0},"end":{"line":23,"column":0}},"23":{"start":{"line":24,"column":0},"end":{"line":24,"column":31}},"24":{"start":{"line":25,"column":0},"end":{"line":25,"column":70}},"25":{"start":{"line":26,"column":0},"end":{"line":26,"column":5}},"26":{"start":{"line":27,"column":0},"end":{"line":27,"column":0}},"27":{"start":{"line":28,"column":0},"end":{"line":28,"column":32}},"28":{"start":{"line":29,"column":0},"end":{"line":29,"column":67}},"29":{"start":{"line":30,"column":0},"end":{"line":30,"column":5}},"30":{"start":{"line":31,"column":0},"end":{"line":31,"column":0}},"31":{"start":{"line":32,"column":0},"end":{"line":32,"column":24}},"32":{"start":{"line":33,"column":0},"end":{"line":33,"column":45}},"33":{"start":{"line":34,"column":0},"end":{"line":34,"column":5}},"34":{"start":{"line":35,"column":0},"end":{"line":35,"column":1}}},"s":{"0":1,"1":1,"2":1,"3":1,"4":1,"5":1,"6":1,"7":1,"8":2,"9":2,"10":1,"11":1,"12":1,"13":1,"14":1,"15":1,"16":4,"17":4,"18":1,"19":1,"20":2,"21":2,"22":1,"23":1,"24":0,"25":0,"26":1,"27":1,"28":0,"29":0,"30":1,"31":1,"32":4,"33":4,"34":1},"branchMap":{"0":{"type":"branch","line":3,"loc":{"start":{"line":3,"column":4},"end":{"line":6,"column":5}},"locations":[{"start":{"line":3,"column":4},"end":{"line":6,"column":5}}]},"1":{"type":"branch","line":8,"loc":{"start":{"line":8,"column":11},"end":{"line":10,"column":5}},"locations":[{"start":{"line":8,"column":11},"end":{"line":10,"column":5}}]},"2":{"type":"branch","line":12,"loc":{"start":{"line":12,"column":11},"end":{"line":14,"column":5}},"locations":[{"start":{"line":12,"column":11},"end":{"line":14,"column":5}}]},"3":{"type":"branch","line":16,"loc":{"start":{"line":16,"column":11},"end":{"line":18,"column":5}},"locations":[{"start":{"line":16,"column":11},"end":{"line":18,"column":5}}]},"4":{"type":"branch","line":20,"loc":{"start":{"line":20,"column":11},"end":{"line":22,"column":5}},"locations":[{"start":{"line":20,"column":11},"end":{"line":22,"column":5}}]},"5":{"type":"branch","line":32,"loc":{"start":{"line":32,"column":11},"end":{"line":34,"column":5}},"locations":[{"start":{"line":32,"column":11},"end":{"line":34,"column":5}}]}},"b":{"0":[1],"1":[2],"2":[1],"3":[4],"4":[2],"5":[4]},"fnMap":{"0":{"name":"Either","decl":{"start":{"line":3,"column":4},"end":{"line":6,"column":5}},"loc":{"start":{"line":3,"column":4},"end":{"line":6,"column":5}},"line":3},"1":{"name":"Left","decl":{"start":{"line":8,"column":11},"end":{"line":10,"column":5}},"loc":{"start":{"line":8,"column":11},"end":{"line":10,"column":5}},"line":8},"2":{"name":"Right","decl":{"start":{"line":12,"column":11},"end":{"line":14,"column":5}},"loc":{"start":{"line":12,"column":11},"end":{"line":14,"column":5}},"line":12},"3":{"name":"userExist","decl":{"start":{"line":16,"column":11},"end":{"line":18,"column":5}},"loc":{"start":{"line":16,"column":11},"end":{"line":18,"column":5}},"line":16},"4":{"name":"ISNBExist","decl":{"start":{"line":20,"column":11},"end":{"line":22,"column":5}},"loc":{"start":{"line":20,"column":11},"end":{"line":22,"column":5}},"line":20},"5":{"name":"dateReturnInvalid","decl":{"start":{"line":24,"column":11},"end":{"line":26,"column":5}},"loc":{"start":{"line":24,"column":11},"end":{"line":26,"column":5}},"line":24},"6":{"name":"userWithISBNBorrow","decl":{"start":{"line":28,"column":11},"end":{"line":30,"column":5}},"loc":{"start":{"line":28,"column":11},"end":{"line":30,"column":5}},"line":28},"7":{"name":"fine","decl":{"start":{"line":32,"column":11},"end":{"line":34,"column":5}},"loc":{"start":{"line":32,"column":11},"end":{"line":34,"column":5}},"line":32}},"f":{"0":1,"1":2,"2":1,"3":4,"4":2,"5":0,"6":0,"7":4}}
,"C:\\Users\\conta\\projects\\src\\shared\\errors\\index.js": {"path":"C:\\Users\\conta\\projects\\src\\shared\\errors\\index.js","all":false,"statementMap":{"0":{"start":{"line":1,"column":0},"end":{"line":1,"column":0}},"1":{"start":{"line":2,"column":0},"end":{"line":2,"column":38}},"2":{"start":{"line":3,"column":0},"end":{"line":3,"column":34}},"3":{"start":{"line":4,"column":0},"end":{"line":4,"column":0}},"4":{"start":{"line":5,"column":0},"end":{"line":5,"column":35}}},"s":{"0":1,"1":1,"2":1,"3":1,"4":1},"branchMap":{},"b":{},"fnMap":{},"f":{}}
}
