TN:
SF:src\application\get-user-by-CPF.usecase.js
FN:3,getUserByCPFUseCase
FNF:1
FNH:1
FNDA:4,getUserByCPFUseCase
DA:1,1
DA:2,1
DA:3,1
DA:4,4
DA:5,3
DA:6,3
DA:7,2
DA:8,3
DA:9,1
DA:10,1
DA:11,3
LF:11
LH:11
BRDA:3,0,0,4
BRDA:4,1,0,1
BRDA:4,2,0,3
BRDA:5,3,0,3
BRDA:6,4,0,1
BRDA:7,5,0,2
BRDA:8,6,0,1
BRF:7
BRH:7
end_of_record
TN:
SF:src\application\register-user.usecase.js
FN:5,registerUserUseCase
FNF:1
FNH:1
FNDA:7,registerUserUseCase
DA:1,1
DA:2,1
DA:3,1
DA:4,1
DA:5,1
DA:6,7
DA:7,6
DA:8,6
DA:9,6
DA:10,6
DA:11,6
DA:12,6
DA:13,6
DA:14,6
DA:15,3
DA:16,3
DA:17,6
DA:18,2
DA:19,2
DA:20,6
DA:21,1
DA:22,1
DA:23,1
DA:24,1
DA:25,1
DA:26,1
DA:27,1
DA:28,1
DA:29,1
DA:30,6
DA:31,6
LF:31
LH:31
BRDA:5,0,0,7
BRDA:6,1,0,1
BRDA:6,2,0,6
BRDA:7,3,0,6
BRDA:10,4,0,5
BRDA:10,5,0,5
BRDA:10,6,0,5
BRDA:10,7,0,5
BRDA:12,8,0,1
BRDA:12,9,0,5
BRDA:13,10,0,1
BRDA:13,11,0,4
BRDA:14,12,0,1
BRDA:14,13,0,3
BRDA:17,14,0,1
BRDA:18,15,0,2
BRDA:20,16,0,1
BRF:17
BRH:17
end_of_record
TN:
SF:src\shared\errors\AppError.js
FN:2,<static_initializer>
FN:3,AppError
FNF:2
FNH:2
FNDA:3,<static_initializer>
FNDA:13,AppError
DA:1,1
DA:2,1
DA:3,3
DA:4,13
DA:5,13
DA:6,13
DA:7,3
DA:8,3
DA:9,3
DA:10,3
DA:11,3
DA:12,3
DA:13,3
DA:14,3
LF:14
LH:14
BRDA:2,0,0,3
BRDA:3,1,0,13
BRF:2
BRH:2
end_of_record
TN:
SF:src\shared\errors\Either.js
FN:3,Either
FN:8,Left
FN:12,Right
FN:16,userExist
FNF:4
FNH:4
FNDA:4,Either
FNDA:2,Left
FNDA:2,Right
FNDA:4,userExist
DA:1,1
DA:2,1
DA:3,1
DA:4,4
DA:5,4
DA:6,4
DA:7,1
DA:8,1
DA:9,2
DA:10,2
DA:11,1
DA:12,1
DA:13,2
DA:14,2
DA:15,1
DA:16,1
DA:17,4
DA:18,4
DA:19,1
LF:19
LH:19
BRDA:3,0,0,4
BRDA:8,1,0,2
BRDA:12,2,0,2
BRDA:16,3,0,4
BRF:4
BRH:4
end_of_record
TN:
SF:src\shared\errors\index.js
FNF:0
FNH:0
DA:1,1
DA:2,1
DA:3,1
DA:4,1
DA:5,1
LF:5
LH:5
BRF:0
BRH:0
end_of_record
